<?xml version="1.0" encoding="UTF-8" ?>
<testsuite tests="7" failures="0" name="es.deusto.spq.ProyectoCinePlus.cliente.util.conectividad.CinePlusControllerTest" time="0.367" errors="7" skipped="0">
  <properties>
    <property name="java.runtime.name" value="Java(TM) SE Runtime Environment"/>
    <property name="sun.boot.library.path" value="C:\Program Files\Java\jdk1.8.0_121\jre\bin"/>
    <property name="java.vm.version" value="25.121-b13"/>
    <property name="java.vm.vendor" value="Oracle Corporation"/>
    <property name="maven.multiModuleProjectDirectory" value="C:\SoftLabs\CinePlus\BSPQ18-S1\ProyectoCinePlus"/>
    <property name="java.vendor.url" value="http://java.oracle.com/"/>
    <property name="path.separator" value=";"/>
    <property name="guice.disable.misplaced.annotation.check" value="true"/>
    <property name="java.vm.name" value="Java HotSpot(TM) 64-Bit Server VM"/>
    <property name="file.encoding.pkg" value="sun.io"/>
    <property name="user.script" value=""/>
    <property name="user.country" value="ES"/>
    <property name="sun.java.launcher" value="SUN_STANDARD"/>
    <property name="sun.os.patch.level" value=""/>
    <property name="java.vm.specification.name" value="Java Virtual Machine Specification"/>
    <property name="user.dir" value="C:\SoftLabs\CinePlus\BSPQ18-S1\ProyectoCinePlus"/>
    <property name="java.runtime.version" value="1.8.0_121-b13"/>
    <property name="java.awt.graphicsenv" value="sun.awt.Win32GraphicsEnvironment"/>
    <property name="java.endorsed.dirs" value="C:\Program Files\Java\jdk1.8.0_121\jre\lib\endorsed"/>
    <property name="os.arch" value="amd64"/>
    <property name="java.io.tmpdir" value="C:\Users\aritz\AppData\Local\Temp\"/>
    <property name="line.separator" value="
"/>
    <property name="java.vm.specification.vendor" value="Oracle Corporation"/>
    <property name="user.variant" value=""/>
    <property name="os.name" value="Windows 10"/>
    <property name="net.sourceforge.cobertura.datafile" value="C:\SoftLabs\CinePlus\BSPQ18-S1\ProyectoCinePlus\target\cobertura\cobertura.ser"/>
    <property name="classworlds.conf" value="C:\apache-maven-3.5.3\bin\..\bin\m2.conf"/>
    <property name="sun.jnu.encoding" value="Cp1252"/>
    <property name="java.library.path" value="C:\Program Files\Java\jdk1.8.0_121\bin;C:\WINDOWS\Sun\Java\bin;C:\WINDOWS\system32;C:\WINDOWS;C:\ProgramData\Oracle\Java\javapath;C:\WINDOWS\system32;C:\WINDOWS;C:\WINDOWS\System32\Wbem;C:\WINDOWS\System32\WindowsPowerShell\v1.0\;C:\Program Files\Calibre2\;C:\Program Files\Git\cmd;C:\MinGW\bin;C:\Program Files\MiKTeX 2.9\miktex\bin\x64\;C:\Program Files\Microsoft SQL Server\130\Tools\Binn\;C:\Program Files\dotnet\;C:\Program Files (x86)\Windows Kits\10\Windows Performance Toolkit\;C:\Program Files (x86)\Windows Kits\10\Microsoft Application Virtualization\Sequencer\;C:\Program Files\Java\jdk1.8.0_121\bin;C:\apache-ant-1.10.1\bin;C:\mysql-5.7.19-winx64\bin;C:\Program Files (x86)\VideoLAN\VLC;C:\Program Files (x86)\GtkSharp\2.12\bin;C:\Program Files\Python36;C:\Python27;C:\Python27\Scripts;C:\apache-maven-3.5.3\bin;C:\Program Files\TortoiseGit\bin;C:\Users\aritz\AppData\Local\Microsoft\WindowsApps;C:\Users\aritz\AppData\Local\atom\bin;%USERPROFILE%\AppData\Local\Microsoft\WindowsApps;;."/>
    <property name="maven.conf" value="C:\apache-maven-3.5.3\bin\../conf"/>
    <property name="java.specification.name" value="Java Platform API Specification"/>
    <property name="java.class.version" value="52.0"/>
    <property name="sun.management.compiler" value="HotSpot 64-Bit Tiered Compilers"/>
    <property name="os.version" value="10.0"/>
    <property name="library.jansi.path" value="C:\apache-maven-3.5.3\bin\..\lib\jansi-native"/>
    <property name="user.home" value="C:\Users\aritz"/>
    <property name="user.timezone" value="Europe/Paris"/>
    <property name="java.awt.printerjob" value="sun.awt.windows.WPrinterJob"/>
    <property name="java.specification.version" value="1.8"/>
    <property name="file.encoding" value="Cp1252"/>
    <property name="user.name" value="aritz"/>
    <property name="java.class.path" value="C:\apache-maven-3.5.3\bin\..\boot\plexus-classworlds-2.5.2.jar"/>
    <property name="java.vm.specification.version" value="1.8"/>
    <property name="sun.arch.data.model" value="64"/>
    <property name="java.home" value="C:\Program Files\Java\jdk1.8.0_121\jre"/>
    <property name="sun.java.command" value="org.codehaus.plexus.classworlds.launcher.Launcher cobertura:cobertura"/>
    <property name="java.specification.vendor" value="Oracle Corporation"/>
    <property name="user.language" value="es"/>
    <property name="awt.toolkit" value="sun.awt.windows.WToolkit"/>
    <property name="java.vm.info" value="mixed mode"/>
    <property name="java.version" value="1.8.0_121"/>
    <property name="java.ext.dirs" value="C:\Program Files\Java\jdk1.8.0_121\jre\lib\ext;C:\WINDOWS\Sun\Java\lib\ext"/>
    <property name="sun.boot.class.path" value="C:\Program Files\Java\jdk1.8.0_121\jre\lib\resources.jar;C:\Program Files\Java\jdk1.8.0_121\jre\lib\rt.jar;C:\Program Files\Java\jdk1.8.0_121\jre\lib\sunrsasign.jar;C:\Program Files\Java\jdk1.8.0_121\jre\lib\jsse.jar;C:\Program Files\Java\jdk1.8.0_121\jre\lib\jce.jar;C:\Program Files\Java\jdk1.8.0_121\jre\lib\charsets.jar;C:\Program Files\Java\jdk1.8.0_121\jre\lib\jfr.jar;C:\Program Files\Java\jdk1.8.0_121\jre\classes"/>
    <property name="sun.stderr.encoding" value="cp850"/>
    <property name="java.vendor" value="Oracle Corporation"/>
    <property name="maven.home" value="C:\apache-maven-3.5.3\bin\.."/>
    <property name="file.separator" value="\"/>
    <property name="java.vendor.url.bug" value="http://bugreport.sun.com/bugreport/"/>
    <property name="sun.cpu.endian" value="little"/>
    <property name="sun.io.unicode.encoding" value="UnicodeLittle"/>
    <property name="project.build.outputDirectory" value="C:\SoftLabs\CinePlus\BSPQ18-S1\ProyectoCinePlus\target\generated-classes\cobertura"/>
    <property name="sun.stdout.encoding" value="cp850"/>
    <property name="sun.desktop" value="windows"/>
    <property name="sun.cpu.isalist" value="amd64"/>
  </properties>
  <testcase classname="es.deusto.spq.ProyectoCinePlus.cliente.util.conectividad.CinePlusControllerTest" name="Test1_RegistrarUsuario1Test" time="0.32">
    <error message="access denied (&quot;java.lang.RuntimePermission&quot; &quot;exitVM.-1&quot;)" type="java.security.AccessControlException">java.security.AccessControlException: access denied (&quot;java.lang.RuntimePermission&quot; &quot;exitVM.-1&quot;)
	at java.security.AccessControlContext.checkPermission(AccessControlContext.java:472)
	at java.security.AccessController.checkPermission(AccessController.java:884)
	at java.lang.SecurityManager.checkPermission(SecurityManager.java:549)
	at java.lang.SecurityManager.checkExit(SecurityManager.java:761)
	at java.lang.Runtime.exit(Runtime.java:107)
	at java.lang.System.exit(System.java:971)
	at es.deusto.spq.ProyectoCinePlus.cliente.util.conectividad.CinePlusControllerTest.setUpClient(CinePlusControllerTest.java:163)
	at sun.reflect.NativeMethodAccessorImpl.invoke0(Native Method)
	at sun.reflect.NativeMethodAccessorImpl.invoke(NativeMethodAccessorImpl.java:62)
	at sun.reflect.DelegatingMethodAccessorImpl.invoke(DelegatingMethodAccessorImpl.java:43)
	at java.lang.reflect.Method.invoke(Method.java:498)
	at org.junit.runners.model.FrameworkMethod$1.runReflectiveCall(FrameworkMethod.java:50)
	at org.junit.internal.runners.model.ReflectiveCallable.run(ReflectiveCallable.java:12)
	at org.junit.runners.model.FrameworkMethod.invokeExplosively(FrameworkMethod.java:47)
	at org.junit.internal.runners.statements.RunBefores.evaluate(RunBefores.java:24)
	at org.junit.runners.ParentRunner.runLeaf(ParentRunner.java:325)
	at org.junit.runners.BlockJUnit4ClassRunner.runChild(BlockJUnit4ClassRunner.java:78)
	at org.junit.runners.BlockJUnit4ClassRunner.runChild(BlockJUnit4ClassRunner.java:57)
	at org.junit.runners.ParentRunner$3.run(ParentRunner.java:290)
	at org.junit.runners.ParentRunner$1.schedule(ParentRunner.java:71)
	at org.junit.runners.ParentRunner.runChildren(ParentRunner.java:288)
	at org.junit.runners.ParentRunner.access$000(ParentRunner.java:58)
	at org.junit.runners.ParentRunner$2.evaluate(ParentRunner.java:268)
	at org.junit.internal.runners.statements.RunBefores.evaluate(RunBefores.java:26)
	at org.junit.internal.runners.statements.RunAfters.evaluate(RunAfters.java:27)
	at org.junit.runners.ParentRunner.run(ParentRunner.java:363)
	at junit.framework.JUnit4TestAdapter.run(JUnit4TestAdapter.java:38)
	at org.junit.internal.runners.JUnit38ClassRunner.run(JUnit38ClassRunner.java:86)
	at org.apache.maven.surefire.junit4.JUnit4Provider.execute(JUnit4Provider.java:252)
	at org.apache.maven.surefire.junit4.JUnit4Provider.executeTestSet(JUnit4Provider.java:141)
	at org.apache.maven.surefire.junit4.JUnit4Provider.invoke(JUnit4Provider.java:112)
	at sun.reflect.NativeMethodAccessorImpl.invoke0(Native Method)
	at sun.reflect.NativeMethodAccessorImpl.invoke(NativeMethodAccessorImpl.java:62)
	at sun.reflect.DelegatingMethodAccessorImpl.invoke(DelegatingMethodAccessorImpl.java:43)
	at java.lang.reflect.Method.invoke(Method.java:498)
	at org.apache.maven.surefire.util.ReflectionUtils.invokeMethodWithArray(ReflectionUtils.java:189)
	at org.apache.maven.surefire.booter.ProviderFactory$ProviderProxy.invoke(ProviderFactory.java:165)
	at org.apache.maven.surefire.booter.ProviderFactory.invokeProvider(ProviderFactory.java:85)
	at org.apache.maven.surefire.booter.ForkedBooter.runSuitesInProcess(ForkedBooter.java:115)
	at org.apache.maven.surefire.booter.ForkedBooter.main(ForkedBooter.java:75)
</error>
    <system-out>47   [main] INFO  DataNucleus.Persistence  - Propiedad datanucleus.validateTables desconocida - vamos a ignorarla
47   [main] INFO  DataNucleus.Persistence  - Propiedad datanucleus.validateConstraints desconocida - vamos a ignorarla
1064 [main] INFO  DataNucleus.Persistence  - Propiedad datanucleus.validateTables desconocida - vamos a ignorarla
1064 [main] INFO  DataNucleus.Persistence  - Propiedad datanucleus.validateConstraints desconocida - vamos a ignorarla
1439 [main] INFO  es.deusto.spq.ProyectoCinePlus.cliente.util.conectividad.CinePlusControllerTest  - Launch the RMI registry
1439 [main] INFO  es.deusto.spq.ProyectoCinePlus.cliente.util.conectividad.CinePlusControllerTest  - sleeping 4000ms
1619 [Thread-2] INFO  es.deusto.spq.ProyectoCinePlus.cliente.util.conectividad.CinePlusControllerTest  - BeforeClass: RMI registry ready.
5442 [main] INFO  es.deusto.spq.ProyectoCinePlus.cliente.util.conectividad.CinePlusControllerTest  - sleeping 4000ms
5442 [Thread-3] INFO  es.deusto.spq.ProyectoCinePlus.cliente.util.conectividad.CinePlusControllerTest  - This is a test to check how mvn test executes this test without external interaction; JVM properties by program
5442 [Thread-3] INFO  es.deusto.spq.ProyectoCinePlus.cliente.util.conectividad.CinePlusControllerTest  - **************: /C:/SoftLabs/CinePlus/BSPQ18-S1/ProyectoCinePlus/target/test-classes/
5442 [Thread-3] INFO  es.deusto.spq.ProyectoCinePlus.cliente.util.conectividad.CinePlusControllerTest  - BeforeClass - Setting the server ready TestServer name: //127.0.0.1:1099/CinePlusServer
9599 [main] ERROR DataNucleus.MetaData  - access denied (&quot;java.lang.RuntimePermission&quot; &quot;accessDeclaredMembers&quot;)
java.security.AccessControlException: access denied (&quot;java.lang.RuntimePermission&quot; &quot;accessDeclaredMembers&quot;)
	at java.security.AccessControlContext.checkPermission(AccessControlContext.java:472)
	at java.security.AccessController.checkPermission(AccessController.java:884)
	at java.lang.SecurityManager.checkPermission(SecurityManager.java:549)
	at java.lang.Class.checkMemberAccess(Class.java:2348)
	at java.lang.Class.getDeclaredFields(Class.java:1915)
	at org.datanucleus.metadata.ClassMetaData.addMetaDataForMembersNotInMetaData(ClassMetaData.java:578)
	at org.datanucleus.metadata.ClassMetaData.populate(ClassMetaData.java:184)
	at org.datanucleus.metadata.MetaDataManagerImpl$1.run(MetaDataManagerImpl.java:2867)
	at java.security.AccessController.doPrivileged(Native Method)
	at org.datanucleus.metadata.MetaDataManagerImpl.populateAbstractClassMetaData(MetaDataManagerImpl.java:2861)
	at org.datanucleus.metadata.MetaDataManagerImpl.populateFileMetaData(MetaDataManagerImpl.java:2665)
	at org.datanucleus.metadata.MetaDataManagerImpl.loadAnnotationsForClass(MetaDataManagerImpl.java:2829)
	at org.datanucleus.api.jdo.metadata.JDOMetaDataManager.loadMetaDataForClass(JDOMetaDataManager.java:387)
	at org.datanucleus.metadata.MetaDataManagerImpl.getMetaDataForClassInternal(MetaDataManagerImpl.java:1789)
	at org.datanucleus.metadata.MetaDataManagerImpl.getMetaDataForClass(MetaDataManagerImpl.java:1643)
	at org.datanucleus.api.jdo.metadata.JDOMetaDataManager$MetaDataRegisterClassListener.registerClass(JDOMetaDataManager.java:205)
	at org.datanucleus.enhancer.EnhancementHelper.registerClass(EnhancementHelper.java:187)
	at es.deusto.spq.ProyectoCinePlus.servidor.DATA.Usuario.&lt;clinit&gt;(Usuario.java)
	at es.deusto.spq.ProyectoCinePlus.cliente.util.conectividad.CinePlusControllerTest.setUpclases(CinePlusControllerTest.java:181)
	at sun.reflect.NativeMethodAccessorImpl.invoke0(Native Method)
	at sun.reflect.NativeMethodAccessorImpl.invoke(NativeMethodAccessorImpl.java:62)
	at sun.reflect.DelegatingMethodAccessorImpl.invoke(DelegatingMethodAccessorImpl.java:43)
	at java.lang.reflect.Method.invoke(Method.java:498)
	at org.junit.runners.model.FrameworkMethod$1.runReflectiveCall(FrameworkMethod.java:50)
	at org.junit.internal.runners.model.ReflectiveCallable.run(ReflectiveCallable.java:12)
	at org.junit.runners.model.FrameworkMethod.invokeExplosively(FrameworkMethod.java:47)
	at org.junit.internal.runners.statements.RunBefores.evaluate(RunBefores.java:24)
	at org.junit.runners.ParentRunner.runLeaf(ParentRunner.java:325)
	at org.junit.runners.BlockJUnit4ClassRunner.runChild(BlockJUnit4ClassRunner.java:78)
	at org.junit.runners.BlockJUnit4ClassRunner.runChild(BlockJUnit4ClassRunner.java:57)
	at org.junit.runners.ParentRunner$3.run(ParentRunner.java:290)
	at org.junit.runners.ParentRunner$1.schedule(ParentRunner.java:71)
	at org.junit.runners.ParentRunner.runChildren(ParentRunner.java:288)
	at org.junit.runners.ParentRunner.access$000(ParentRunner.java:58)
	at org.junit.runners.ParentRunner$2.evaluate(ParentRunner.java:268)
	at org.junit.internal.runners.statements.RunBefores.evaluate(RunBefores.java:26)
	at org.junit.internal.runners.statements.RunAfters.evaluate(RunAfters.java:27)
	at org.junit.runners.ParentRunner.run(ParentRunner.java:363)
	at junit.framework.JUnit4TestAdapter.run(JUnit4TestAdapter.java:38)
	at org.junit.internal.runners.JUnit38ClassRunner.run(JUnit38ClassRunner.java:86)
	at org.apache.maven.surefire.junit4.JUnit4Provider.execute(JUnit4Provider.java:252)
	at org.apache.maven.surefire.junit4.JUnit4Provider.executeTestSet(JUnit4Provider.java:141)
	at org.apache.maven.surefire.junit4.JUnit4Provider.invoke(JUnit4Provider.java:112)
	at sun.reflect.NativeMethodAccessorImpl.invoke0(Native Method)
	at sun.reflect.NativeMethodAccessorImpl.invoke(NativeMethodAccessorImpl.java:62)
	at sun.reflect.DelegatingMethodAccessorImpl.invoke(DelegatingMethodAccessorImpl.java:43)
	at java.lang.reflect.Method.invoke(Method.java:498)
	at org.apache.maven.surefire.util.ReflectionUtils.invokeMethodWithArray(ReflectionUtils.java:189)
	at org.apache.maven.surefire.booter.ProviderFactory$ProviderProxy.invoke(ProviderFactory.java:165)
	at org.apache.maven.surefire.booter.ProviderFactory.invokeProvider(ProviderFactory.java:85)
	at org.apache.maven.surefire.booter.ForkedBooter.runSuitesInProcess(ForkedBooter.java:115)
	at org.apache.maven.surefire.booter.ForkedBooter.main(ForkedBooter.java:75)
9599 [main] WARN  DataNucleus.MetaData  - Listener attempted to load metadata for es.deusto.spq.ProyectoCinePlus.servidor.DATA.Usuario but an exception was thrown. Ignoring this class
Exception during population of metadata for es.deusto.spq.ProyectoCinePlus.servidor.DATA.Usuario
org.datanucleus.exceptions.NucleusUserException: Exception during population of metadata for es.deusto.spq.ProyectoCinePlus.servidor.DATA.Usuario
	at org.datanucleus.metadata.MetaDataManagerImpl$1.run(MetaDataManagerImpl.java:2884)
	at java.security.AccessController.doPrivileged(Native Method)
	at org.datanucleus.metadata.MetaDataManagerImpl.populateAbstractClassMetaData(MetaDataManagerImpl.java:2861)
	at org.datanucleus.metadata.MetaDataManagerImpl.populateFileMetaData(MetaDataManagerImpl.java:2665)
	at org.datanucleus.metadata.MetaDataManagerImpl.loadAnnotationsForClass(MetaDataManagerImpl.java:2829)
	at org.datanucleus.api.jdo.metadata.JDOMetaDataManager.loadMetaDataForClass(JDOMetaDataManager.java:387)
	at org.datanucleus.metadata.MetaDataManagerImpl.getMetaDataForClassInternal(MetaDataManagerImpl.java:1789)
	at org.datanucleus.metadata.MetaDataManagerImpl.getMetaDataForClass(MetaDataManagerImpl.java:1643)
	at org.datanucleus.api.jdo.metadata.JDOMetaDataManager$MetaDataRegisterClassListener.registerClass(JDOMetaDataManager.java:205)
	at org.datanucleus.enhancer.EnhancementHelper.registerClass(EnhancementHelper.java:187)
	at es.deusto.spq.ProyectoCinePlus.servidor.DATA.Usuario.&lt;clinit&gt;(Usuario.java)
	at es.deusto.spq.ProyectoCinePlus.cliente.util.conectividad.CinePlusControllerTest.setUpclases(CinePlusControllerTest.java:181)
	at sun.reflect.NativeMethodAccessorImpl.invoke0(Native Method)
	at sun.reflect.NativeMethodAccessorImpl.invoke(NativeMethodAccessorImpl.java:62)
	at sun.reflect.DelegatingMethodAccessorImpl.invoke(DelegatingMethodAccessorImpl.java:43)
	at java.lang.reflect.Method.invoke(Method.java:498)
	at org.junit.runners.model.FrameworkMethod$1.runReflectiveCall(FrameworkMethod.java:50)
	at org.junit.internal.runners.model.ReflectiveCallable.run(ReflectiveCallable.java:12)
	at org.junit.runners.model.FrameworkMethod.invokeExplosively(FrameworkMethod.java:47)
	at org.junit.internal.runners.statements.RunBefores.evaluate(RunBefores.java:24)
	at org.junit.runners.ParentRunner.runLeaf(ParentRunner.java:325)
	at org.junit.runners.BlockJUnit4ClassRunner.runChild(BlockJUnit4ClassRunner.java:78)
	at org.junit.runners.BlockJUnit4ClassRunner.runChild(BlockJUnit4ClassRunner.java:57)
	at org.junit.runners.ParentRunner$3.run(ParentRunner.java:290)
	at org.junit.runners.ParentRunner$1.schedule(ParentRunner.java:71)
	at org.junit.runners.ParentRunner.runChildren(ParentRunner.java:288)
	at org.junit.runners.ParentRunner.access$000(ParentRunner.java:58)
	at org.junit.runners.ParentRunner$2.evaluate(ParentRunner.java:268)
	at org.junit.internal.runners.statements.RunBefores.evaluate(RunBefores.java:26)
	at org.junit.internal.runners.statements.RunAfters.evaluate(RunAfters.java:27)
	at org.junit.runners.ParentRunner.run(ParentRunner.java:363)
	at junit.framework.JUnit4TestAdapter.run(JUnit4TestAdapter.java:38)
	at org.junit.internal.runners.JUnit38ClassRunner.run(JUnit38ClassRunner.java:86)
	at org.apache.maven.surefire.junit4.JUnit4Provider.execute(JUnit4Provider.java:252)
	at org.apache.maven.surefire.junit4.JUnit4Provider.executeTestSet(JUnit4Provider.java:141)
	at org.apache.maven.surefire.junit4.JUnit4Provider.invoke(JUnit4Provider.java:112)
	at sun.reflect.NativeMethodAccessorImpl.invoke0(Native Method)
	at sun.reflect.NativeMethodAccessorImpl.invoke(NativeMethodAccessorImpl.java:62)
	at sun.reflect.DelegatingMethodAccessorImpl.invoke(DelegatingMethodAccessorImpl.java:43)
	at java.lang.reflect.Method.invoke(Method.java:498)
	at org.apache.maven.surefire.util.ReflectionUtils.invokeMethodWithArray(ReflectionUtils.java:189)
	at org.apache.maven.surefire.booter.ProviderFactory$ProviderProxy.invoke(ProviderFactory.java:165)
	at org.apache.maven.surefire.booter.ProviderFactory.invokeProvider(ProviderFactory.java:85)
	at org.apache.maven.surefire.booter.ForkedBooter.runSuitesInProcess(ForkedBooter.java:115)
	at org.apache.maven.surefire.booter.ForkedBooter.main(ForkedBooter.java:75)
Caused by: java.lang.RuntimeException: access denied (&quot;java.lang.RuntimePermission&quot; &quot;accessDeclaredMembers&quot;)
	at org.datanucleus.metadata.ClassMetaData.addMetaDataForMembersNotInMetaData(ClassMetaData.java:697)
	at org.datanucleus.metadata.ClassMetaData.populate(ClassMetaData.java:184)
	at org.datanucleus.metadata.MetaDataManagerImpl$1.run(MetaDataManagerImpl.java:2867)
	... 44 more
Nested Throwables StackTrace:
java.lang.RuntimeException: access denied (&quot;java.lang.RuntimePermission&quot; &quot;accessDeclaredMembers&quot;)
	at org.datanucleus.metadata.ClassMetaData.addMetaDataForMembersNotInMetaData(ClassMetaData.java:697)
	at org.datanucleus.metadata.ClassMetaData.populate(ClassMetaData.java:184)
	at org.datanucleus.metadata.MetaDataManagerImpl$1.run(MetaDataManagerImpl.java:2867)
	at java.security.AccessController.doPrivileged(Native Method)
	at org.datanucleus.metadata.MetaDataManagerImpl.populateAbstractClassMetaData(MetaDataManagerImpl.java:2861)
	at org.datanucleus.metadata.MetaDataManagerImpl.populateFileMetaData(MetaDataManagerImpl.java:2665)
	at org.datanucleus.metadata.MetaDataManagerImpl.loadAnnotationsForClass(MetaDataManagerImpl.java:2829)
	at org.datanucleus.api.jdo.metadata.JDOMetaDataManager.loadMetaDataForClass(JDOMetaDataManager.java:387)
	at org.datanucleus.metadata.MetaDataManagerImpl.getMetaDataForClassInternal(MetaDataManagerImpl.java:1789)
	at org.datanucleus.metadata.MetaDataManagerImpl.getMetaDataForClass(MetaDataManagerImpl.java:1643)
	at org.datanucleus.api.jdo.metadata.JDOMetaDataManager$MetaDataRegisterClassListener.registerClass(JDOMetaDataManager.java:205)
	at org.datanucleus.enhancer.EnhancementHelper.registerClass(EnhancementHelper.java:187)
	at es.deusto.spq.ProyectoCinePlus.servidor.DATA.Usuario.&lt;clinit&gt;(Usuario.java)
	at es.deusto.spq.ProyectoCinePlus.cliente.util.conectividad.CinePlusControllerTest.setUpclases(CinePlusControllerTest.java:181)
	at sun.reflect.NativeMethodAccessorImpl.invoke0(Native Method)
	at sun.reflect.NativeMethodAccessorImpl.invoke(NativeMethodAccessorImpl.java:62)
	at sun.reflect.DelegatingMethodAccessorImpl.invoke(DelegatingMethodAccessorImpl.java:43)
	at java.lang.reflect.Method.invoke(Method.java:498)
	at org.junit.runners.model.FrameworkMethod$1.runReflectiveCall(FrameworkMethod.java:50)
	at org.junit.internal.runners.model.ReflectiveCallable.run(ReflectiveCallable.java:12)
	at org.junit.runners.model.FrameworkMethod.invokeExplosively(FrameworkMethod.java:47)
	at org.junit.internal.runners.statements.RunBefores.evaluate(RunBefores.java:24)
	at org.junit.runners.ParentRunner.runLeaf(ParentRunner.java:325)
	at org.junit.runners.BlockJUnit4ClassRunner.runChild(BlockJUnit4ClassRunner.java:78)
	at org.junit.runners.BlockJUnit4ClassRunner.runChild(BlockJUnit4ClassRunner.java:57)
	at org.junit.runners.ParentRunner$3.run(ParentRunner.java:290)
	at org.junit.runners.ParentRunner$1.schedule(ParentRunner.java:71)
	at org.junit.runners.ParentRunner.runChildren(ParentRunner.java:288)
	at org.junit.runners.ParentRunner.access$000(ParentRunner.java:58)
	at org.junit.runners.ParentRunner$2.evaluate(ParentRunner.java:268)
	at org.junit.internal.runners.statements.RunBefores.evaluate(RunBefores.java:26)
	at org.junit.internal.runners.statements.RunAfters.evaluate(RunAfters.java:27)
	at org.junit.runners.ParentRunner.run(ParentRunner.java:363)
	at junit.framework.JUnit4TestAdapter.run(JUnit4TestAdapter.java:38)
	at org.junit.internal.runners.JUnit38ClassRunner.run(JUnit38ClassRunner.java:86)
	at org.apache.maven.surefire.junit4.JUnit4Provider.execute(JUnit4Provider.java:252)
	at org.apache.maven.surefire.junit4.JUnit4Provider.executeTestSet(JUnit4Provider.java:141)
	at org.apache.maven.surefire.junit4.JUnit4Provider.invoke(JUnit4Provider.java:112)
	at sun.reflect.NativeMethodAccessorImpl.invoke0(Native Method)
	at sun.reflect.NativeMethodAccessorImpl.invoke(NativeMethodAccessorImpl.java:62)
	at sun.reflect.DelegatingMethodAccessorImpl.invoke(DelegatingMethodAccessorImpl.java:43)
	at java.lang.reflect.Method.invoke(Method.java:498)
	at org.apache.maven.surefire.util.ReflectionUtils.invokeMethodWithArray(ReflectionUtils.java:189)
	at org.apache.maven.surefire.booter.ProviderFactory$ProviderProxy.invoke(ProviderFactory.java:165)
	at org.apache.maven.surefire.booter.ProviderFactory.invokeProvider(ProviderFactory.java:85)
	at org.apache.maven.surefire.booter.ForkedBooter.runSuitesInProcess(ForkedBooter.java:115)
	at org.apache.maven.surefire.booter.ForkedBooter.main(ForkedBooter.java:75)
9637 [main] ERROR DataNucleus.MetaData  - access denied (&quot;java.lang.RuntimePermission&quot; &quot;accessDeclaredMembers&quot;)
java.security.AccessControlException: access denied (&quot;java.lang.RuntimePermission&quot; &quot;accessDeclaredMembers&quot;)
	at java.security.AccessControlContext.checkPermission(AccessControlContext.java:472)
	at java.security.AccessController.checkPermission(AccessController.java:884)
	at java.lang.SecurityManager.checkPermission(SecurityManager.java:549)
	at java.lang.Class.checkMemberAccess(Class.java:2348)
	at java.lang.Class.getDeclaredFields(Class.java:1915)
	at org.datanucleus.metadata.ClassMetaData.addMetaDataForMembersNotInMetaData(ClassMetaData.java:578)
	at org.datanucleus.metadata.ClassMetaData.populate(ClassMetaData.java:184)
	at org.datanucleus.metadata.MetaDataManagerImpl$1.run(MetaDataManagerImpl.java:2867)
	at java.security.AccessController.doPrivileged(Native Method)
	at org.datanucleus.metadata.MetaDataManagerImpl.populateAbstractClassMetaData(MetaDataManagerImpl.java:2861)
	at org.datanucleus.metadata.MetaDataManagerImpl.populateFileMetaData(MetaDataManagerImpl.java:2665)
	at org.datanucleus.metadata.MetaDataManagerImpl.loadAnnotationsForClass(MetaDataManagerImpl.java:2829)
	at org.datanucleus.api.jdo.metadata.JDOMetaDataManager.loadMetaDataForClass(JDOMetaDataManager.java:387)
	at org.datanucleus.metadata.MetaDataManagerImpl.getMetaDataForClassInternal(MetaDataManagerImpl.java:1789)
	at org.datanucleus.metadata.MetaDataManagerImpl.getMetaDataForClass(MetaDataManagerImpl.java:1643)
	at org.datanucleus.api.jdo.metadata.JDOMetaDataManager$MetaDataRegisterClassListener.registerClass(JDOMetaDataManager.java:205)
	at org.datanucleus.enhancer.EnhancementHelper.registerClass(EnhancementHelper.java:187)
	at es.deusto.spq.ProyectoCinePlus.servidor.DATA.Usuario.&lt;clinit&gt;(Usuario.java)
	at es.deusto.spq.ProyectoCinePlus.cliente.util.conectividad.CinePlusControllerTest.setUpclases(CinePlusControllerTest.java:181)
	at sun.reflect.NativeMethodAccessorImpl.invoke0(Native Method)
	at sun.reflect.NativeMethodAccessorImpl.invoke(NativeMethodAccessorImpl.java:62)
	at sun.reflect.DelegatingMethodAccessorImpl.invoke(DelegatingMethodAccessorImpl.java:43)
	at java.lang.reflect.Method.invoke(Method.java:498)
	at org.junit.runners.model.FrameworkMethod$1.runReflectiveCall(FrameworkMethod.java:50)
	at org.junit.internal.runners.model.ReflectiveCallable.run(ReflectiveCallable.java:12)
	at org.junit.runners.model.FrameworkMethod.invokeExplosively(FrameworkMethod.java:47)
	at org.junit.internal.runners.statements.RunBefores.evaluate(RunBefores.java:24)
	at org.junit.runners.ParentRunner.runLeaf(ParentRunner.java:325)
	at org.junit.runners.BlockJUnit4ClassRunner.runChild(BlockJUnit4ClassRunner.java:78)
	at org.junit.runners.BlockJUnit4ClassRunner.runChild(BlockJUnit4ClassRunner.java:57)
	at org.junit.runners.ParentRunner$3.run(ParentRunner.java:290)
	at org.junit.runners.ParentRunner$1.schedule(ParentRunner.java:71)
	at org.junit.runners.ParentRunner.runChildren(ParentRunner.java:288)
	at org.junit.runners.ParentRunner.access$000(ParentRunner.java:58)
	at org.junit.runners.ParentRunner$2.evaluate(ParentRunner.java:268)
	at org.junit.internal.runners.statements.RunBefores.evaluate(RunBefores.java:26)
	at org.junit.internal.runners.statements.RunAfters.evaluate(RunAfters.java:27)
	at org.junit.runners.ParentRunner.run(ParentRunner.java:363)
	at junit.framework.JUnit4TestAdapter.run(JUnit4TestAdapter.java:38)
	at org.junit.internal.runners.JUnit38ClassRunner.run(JUnit38ClassRunner.java:86)
	at org.apache.maven.surefire.junit4.JUnit4Provider.execute(JUnit4Provider.java:252)
	at org.apache.maven.surefire.junit4.JUnit4Provider.executeTestSet(JUnit4Provider.java:141)
	at org.apache.maven.surefire.junit4.JUnit4Provider.invoke(JUnit4Provider.java:112)
	at sun.reflect.NativeMethodAccessorImpl.invoke0(Native Method)
	at sun.reflect.NativeMethodAccessorImpl.invoke(NativeMethodAccessorImpl.java:62)
	at sun.reflect.DelegatingMethodAccessorImpl.invoke(DelegatingMethodAccessorImpl.java:43)
	at java.lang.reflect.Method.invoke(Method.java:498)
	at org.apache.maven.surefire.util.ReflectionUtils.invokeMethodWithArray(ReflectionUtils.java:189)
	at org.apache.maven.surefire.booter.ProviderFactory$ProviderProxy.invoke(ProviderFactory.java:165)
	at org.apache.maven.surefire.booter.ProviderFactory.invokeProvider(ProviderFactory.java:85)
	at org.apache.maven.surefire.booter.ForkedBooter.runSuitesInProcess(ForkedBooter.java:115)
	at org.apache.maven.surefire.booter.ForkedBooter.main(ForkedBooter.java:75)
9637 [main] WARN  DataNucleus.MetaData  - Listener attempted to load metadata for es.deusto.spq.ProyectoCinePlus.servidor.DATA.Usuario but an exception was thrown. Ignoring this class
Exception during population of metadata for es.deusto.spq.ProyectoCinePlus.servidor.DATA.Usuario
org.datanucleus.exceptions.NucleusUserException: Exception during population of metadata for es.deusto.spq.ProyectoCinePlus.servidor.DATA.Usuario
	at org.datanucleus.metadata.MetaDataManagerImpl$1.run(MetaDataManagerImpl.java:2884)
	at java.security.AccessController.doPrivileged(Native Method)
	at org.datanucleus.metadata.MetaDataManagerImpl.populateAbstractClassMetaData(MetaDataManagerImpl.java:2861)
	at org.datanucleus.metadata.MetaDataManagerImpl.populateFileMetaData(MetaDataManagerImpl.java:2665)
	at org.datanucleus.metadata.MetaDataManagerImpl.loadAnnotationsForClass(MetaDataManagerImpl.java:2829)
	at org.datanucleus.api.jdo.metadata.JDOMetaDataManager.loadMetaDataForClass(JDOMetaDataManager.java:387)
	at org.datanucleus.metadata.MetaDataManagerImpl.getMetaDataForClassInternal(MetaDataManagerImpl.java:1789)
	at org.datanucleus.metadata.MetaDataManagerImpl.getMetaDataForClass(MetaDataManagerImpl.java:1643)
	at org.datanucleus.api.jdo.metadata.JDOMetaDataManager$MetaDataRegisterClassListener.registerClass(JDOMetaDataManager.java:205)
	at org.datanucleus.enhancer.EnhancementHelper.registerClass(EnhancementHelper.java:187)
	at es.deusto.spq.ProyectoCinePlus.servidor.DATA.Usuario.&lt;clinit&gt;(Usuario.java)
	at es.deusto.spq.ProyectoCinePlus.cliente.util.conectividad.CinePlusControllerTest.setUpclases(CinePlusControllerTest.java:181)
	at sun.reflect.NativeMethodAccessorImpl.invoke0(Native Method)
	at sun.reflect.NativeMethodAccessorImpl.invoke(NativeMethodAccessorImpl.java:62)
	at sun.reflect.DelegatingMethodAccessorImpl.invoke(DelegatingMethodAccessorImpl.java:43)
	at java.lang.reflect.Method.invoke(Method.java:498)
	at org.junit.runners.model.FrameworkMethod$1.runReflectiveCall(FrameworkMethod.java:50)
	at org.junit.internal.runners.model.ReflectiveCallable.run(ReflectiveCallable.java:12)
	at org.junit.runners.model.FrameworkMethod.invokeExplosively(FrameworkMethod.java:47)
	at org.junit.internal.runners.statements.RunBefores.evaluate(RunBefores.java:24)
	at org.junit.runners.ParentRunner.runLeaf(ParentRunner.java:325)
	at org.junit.runners.BlockJUnit4ClassRunner.runChild(BlockJUnit4ClassRunner.java:78)
	at org.junit.runners.BlockJUnit4ClassRunner.runChild(BlockJUnit4ClassRunner.java:57)
	at org.junit.runners.ParentRunner$3.run(ParentRunner.java:290)
	at org.junit.runners.ParentRunner$1.schedule(ParentRunner.java:71)
	at org.junit.runners.ParentRunner.runChildren(ParentRunner.java:288)
	at org.junit.runners.ParentRunner.access$000(ParentRunner.java:58)
	at org.junit.runners.ParentRunner$2.evaluate(ParentRunner.java:268)
	at org.junit.internal.runners.statements.RunBefores.evaluate(RunBefores.java:26)
	at org.junit.internal.runners.statements.RunAfters.evaluate(RunAfters.java:27)
	at org.junit.runners.ParentRunner.run(ParentRunner.java:363)
	at junit.framework.JUnit4TestAdapter.run(JUnit4TestAdapter.java:38)
	at org.junit.internal.runners.JUnit38ClassRunner.run(JUnit38ClassRunner.java:86)
	at org.apache.maven.surefire.junit4.JUnit4Provider.execute(JUnit4Provider.java:252)
	at org.apache.maven.surefire.junit4.JUnit4Provider.executeTestSet(JUnit4Provider.java:141)
	at org.apache.maven.surefire.junit4.JUnit4Provider.invoke(JUnit4Provider.java:112)
	at sun.reflect.NativeMethodAccessorImpl.invoke0(Native Method)
	at sun.reflect.NativeMethodAccessorImpl.invoke(NativeMethodAccessorImpl.java:62)
	at sun.reflect.DelegatingMethodAccessorImpl.invoke(DelegatingMethodAccessorImpl.java:43)
	at java.lang.reflect.Method.invoke(Method.java:498)
	at org.apache.maven.surefire.util.ReflectionUtils.invokeMethodWithArray(ReflectionUtils.java:189)
	at org.apache.maven.surefire.booter.ProviderFactory$ProviderProxy.invoke(ProviderFactory.java:165)
	at org.apache.maven.surefire.booter.ProviderFactory.invokeProvider(ProviderFactory.java:85)
	at org.apache.maven.surefire.booter.ForkedBooter.runSuitesInProcess(ForkedBooter.java:115)
	at org.apache.maven.surefire.booter.ForkedBooter.main(ForkedBooter.java:75)
Caused by: java.lang.RuntimeException: access denied (&quot;java.lang.RuntimePermission&quot; &quot;accessDeclaredMembers&quot;)
	at org.datanucleus.metadata.ClassMetaData.addMetaDataForMembersNotInMetaData(ClassMetaData.java:697)
	at org.datanucleus.metadata.ClassMetaData.populate(ClassMetaData.java:184)
	at org.datanucleus.metadata.MetaDataManagerImpl$1.run(MetaDataManagerImpl.java:2867)
	... 44 more
Nested Throwables StackTrace:
java.lang.RuntimeException: access denied (&quot;java.lang.RuntimePermission&quot; &quot;accessDeclaredMembers&quot;)
	at org.datanucleus.metadata.ClassMetaData.addMetaDataForMembersNotInMetaData(ClassMetaData.java:697)
	at org.datanucleus.metadata.ClassMetaData.populate(ClassMetaData.java:184)
	at org.datanucleus.metadata.MetaDataManagerImpl$1.run(MetaDataManagerImpl.java:2867)
	at java.security.AccessController.doPrivileged(Native Method)
	at org.datanucleus.metadata.MetaDataManagerImpl.populateAbstractClassMetaData(MetaDataManagerImpl.java:2861)
	at org.datanucleus.metadata.MetaDataManagerImpl.populateFileMetaData(MetaDataManagerImpl.java:2665)
	at org.datanucleus.metadata.MetaDataManagerImpl.loadAnnotationsForClass(MetaDataManagerImpl.java:2829)
	at org.datanucleus.api.jdo.metadata.JDOMetaDataManager.loadMetaDataForClass(JDOMetaDataManager.java:387)
	at org.datanucleus.metadata.MetaDataManagerImpl.getMetaDataForClassInternal(MetaDataManagerImpl.java:1789)
	at org.datanucleus.metadata.MetaDataManagerImpl.getMetaDataForClass(MetaDataManagerImpl.java:1643)
	at org.datanucleus.api.jdo.metadata.JDOMetaDataManager$MetaDataRegisterClassListener.registerClass(JDOMetaDataManager.java:205)
	at org.datanucleus.enhancer.EnhancementHelper.registerClass(EnhancementHelper.java:187)
	at es.deusto.spq.ProyectoCinePlus.servidor.DATA.Usuario.&lt;clinit&gt;(Usuario.java)
	at es.deusto.spq.ProyectoCinePlus.cliente.util.conectividad.CinePlusControllerTest.setUpclases(CinePlusControllerTest.java:181)
	at sun.reflect.NativeMethodAccessorImpl.invoke0(Native Method)
	at sun.reflect.NativeMethodAccessorImpl.invoke(NativeMethodAccessorImpl.java:62)
	at sun.reflect.DelegatingMethodAccessorImpl.invoke(DelegatingMethodAccessorImpl.java:43)
	at java.lang.reflect.Method.invoke(Method.java:498)
	at org.junit.runners.model.FrameworkMethod$1.runReflectiveCall(FrameworkMethod.java:50)
	at org.junit.internal.runners.model.ReflectiveCallable.run(ReflectiveCallable.java:12)
	at org.junit.runners.model.FrameworkMethod.invokeExplosively(FrameworkMethod.java:47)
	at org.junit.internal.runners.statements.RunBefores.evaluate(RunBefores.java:24)
	at org.junit.runners.ParentRunner.runLeaf(ParentRunner.java:325)
	at org.junit.runners.BlockJUnit4ClassRunner.runChild(BlockJUnit4ClassRunner.java:78)
	at org.junit.runners.BlockJUnit4ClassRunner.runChild(BlockJUnit4ClassRunner.java:57)
	at org.junit.runners.ParentRunner$3.run(ParentRunner.java:290)
	at org.junit.runners.ParentRunner$1.schedule(ParentRunner.java:71)
	at org.junit.runners.ParentRunner.runChildren(ParentRunner.java:288)
	at org.junit.runners.ParentRunner.access$000(ParentRunner.java:58)
	at org.junit.runners.ParentRunner$2.evaluate(ParentRunner.java:268)
	at org.junit.internal.runners.statements.RunBefores.evaluate(RunBefores.java:26)
	at org.junit.internal.runners.statements.RunAfters.evaluate(RunAfters.java:27)
	at org.junit.runners.ParentRunner.run(ParentRunner.java:363)
	at junit.framework.JUnit4TestAdapter.run(JUnit4TestAdapter.java:38)
	at org.junit.internal.runners.JUnit38ClassRunner.run(JUnit38ClassRunner.java:86)
	at org.apache.maven.surefire.junit4.JUnit4Provider.execute(JUnit4Provider.java:252)
	at org.apache.maven.surefire.junit4.JUnit4Provider.executeTestSet(JUnit4Provider.java:141)
	at org.apache.maven.surefire.junit4.JUnit4Provider.invoke(JUnit4Provider.java:112)
	at sun.reflect.NativeMethodAccessorImpl.invoke0(Native Method)
	at sun.reflect.NativeMethodAccessorImpl.invoke(NativeMethodAccessorImpl.java:62)
	at sun.reflect.DelegatingMethodAccessorImpl.invoke(DelegatingMethodAccessorImpl.java:43)
	at java.lang.reflect.Method.invoke(Method.java:498)
	at org.apache.maven.surefire.util.ReflectionUtils.invokeMethodWithArray(ReflectionUtils.java:189)
	at org.apache.maven.surefire.booter.ProviderFactory$ProviderProxy.invoke(ProviderFactory.java:165)
	at org.apache.maven.surefire.booter.ProviderFactory.invokeProvider(ProviderFactory.java:85)
	at org.apache.maven.surefire.booter.ForkedBooter.runSuitesInProcess(ForkedBooter.java:115)
	at org.apache.maven.surefire.booter.ForkedBooter.main(ForkedBooter.java:75)
9669 [main] ERROR DataNucleus.MetaData  - access denied (&quot;java.lang.RuntimePermission&quot; &quot;accessDeclaredMembers&quot;)
java.security.AccessControlException: access denied (&quot;java.lang.RuntimePermission&quot; &quot;accessDeclaredMembers&quot;)
	at java.security.AccessControlContext.checkPermission(AccessControlContext.java:472)
	at java.security.AccessController.checkPermission(AccessController.java:884)
	at java.lang.SecurityManager.checkPermission(SecurityManager.java:549)
	at java.lang.Class.checkMemberAccess(Class.java:2348)
	at java.lang.Class.getDeclaredFields(Class.java:1915)
	at org.datanucleus.metadata.ClassMetaData.addMetaDataForMembersNotInMetaData(ClassMetaData.java:578)
	at org.datanucleus.metadata.ClassMetaData.populate(ClassMetaData.java:184)
	at org.datanucleus.metadata.MetaDataManagerImpl$1.run(MetaDataManagerImpl.java:2867)
	at java.security.AccessController.doPrivileged(Native Method)
	at org.datanucleus.metadata.MetaDataManagerImpl.populateAbstractClassMetaData(MetaDataManagerImpl.java:2861)
	at org.datanucleus.metadata.MetaDataManagerImpl.populateFileMetaData(MetaDataManagerImpl.java:2665)
	at org.datanucleus.metadata.MetaDataManagerImpl.loadAnnotationsForClass(MetaDataManagerImpl.java:2829)
	at org.datanucleus.api.jdo.metadata.JDOMetaDataManager.loadMetaDataForClass(JDOMetaDataManager.java:387)
	at org.datanucleus.metadata.MetaDataManagerImpl.getMetaDataForClassInternal(MetaDataManagerImpl.java:1789)
	at org.datanucleus.metadata.MetaDataManagerImpl.getMetaDataForClass(MetaDataManagerImpl.java:1643)
	at org.datanucleus.api.jdo.metadata.JDOMetaDataManager$MetaDataRegisterClassListener.registerClass(JDOMetaDataManager.java:205)
	at org.datanucleus.enhancer.EnhancementHelper.registerClass(EnhancementHelper.java:187)
	at es.deusto.spq.ProyectoCinePlus.servidor.DATA.Pelicula.&lt;clinit&gt;(Pelicula.java)
	at es.deusto.spq.ProyectoCinePlus.cliente.util.conectividad.CinePlusControllerTest.setUpclases(CinePlusControllerTest.java:182)
	at sun.reflect.NativeMethodAccessorImpl.invoke0(Native Method)
	at sun.reflect.NativeMethodAccessorImpl.invoke(NativeMethodAccessorImpl.java:62)
	at sun.reflect.DelegatingMethodAccessorImpl.invoke(DelegatingMethodAccessorImpl.java:43)
	at java.lang.reflect.Method.invoke(Method.java:498)
	at org.junit.runners.model.FrameworkMethod$1.runReflectiveCall(FrameworkMethod.java:50)
	at org.junit.internal.runners.model.ReflectiveCallable.run(ReflectiveCallable.java:12)
	at org.junit.runners.model.FrameworkMethod.invokeExplosively(FrameworkMethod.java:47)
	at org.junit.internal.runners.statements.RunBefores.evaluate(RunBefores.java:24)
	at org.junit.runners.ParentRunner.runLeaf(ParentRunner.java:325)
	at org.junit.runners.BlockJUnit4ClassRunner.runChild(BlockJUnit4ClassRunner.java:78)
	at org.junit.runners.BlockJUnit4ClassRunner.runChild(BlockJUnit4ClassRunner.java:57)
	at org.junit.runners.ParentRunner$3.run(ParentRunner.java:290)
	at org.junit.runners.ParentRunner$1.schedule(ParentRunner.java:71)
	at org.junit.runners.ParentRunner.runChildren(ParentRunner.java:288)
	at org.junit.runners.ParentRunner.access$000(ParentRunner.java:58)
	at org.junit.runners.ParentRunner$2.evaluate(ParentRunner.java:268)
	at org.junit.internal.runners.statements.RunBefores.evaluate(RunBefores.java:26)
	at org.junit.internal.runners.statements.RunAfters.evaluate(RunAfters.java:27)
	at org.junit.runners.ParentRunner.run(ParentRunner.java:363)
	at junit.framework.JUnit4TestAdapter.run(JUnit4TestAdapter.java:38)
	at org.junit.internal.runners.JUnit38ClassRunner.run(JUnit38ClassRunner.java:86)
	at org.apache.maven.surefire.junit4.JUnit4Provider.execute(JUnit4Provider.java:252)
	at org.apache.maven.surefire.junit4.JUnit4Provider.executeTestSet(JUnit4Provider.java:141)
	at org.apache.maven.surefire.junit4.JUnit4Provider.invoke(JUnit4Provider.java:112)
	at sun.reflect.NativeMethodAccessorImpl.invoke0(Native Method)
	at sun.reflect.NativeMethodAccessorImpl.invoke(NativeMethodAccessorImpl.java:62)
	at sun.reflect.DelegatingMethodAccessorImpl.invoke(DelegatingMethodAccessorImpl.java:43)
	at java.lang.reflect.Method.invoke(Method.java:498)
	at org.apache.maven.surefire.util.ReflectionUtils.invokeMethodWithArray(ReflectionUtils.java:189)
	at org.apache.maven.surefire.booter.ProviderFactory$ProviderProxy.invoke(ProviderFactory.java:165)
	at org.apache.maven.surefire.booter.ProviderFactory.invokeProvider(ProviderFactory.java:85)
	at org.apache.maven.surefire.booter.ForkedBooter.runSuitesInProcess(ForkedBooter.java:115)
	at org.apache.maven.surefire.booter.ForkedBooter.main(ForkedBooter.java:75)
9669 [main] WARN  DataNucleus.MetaData  - Listener attempted to load metadata for es.deusto.spq.ProyectoCinePlus.servidor.DATA.Pelicula but an exception was thrown. Ignoring this class
Exception during population of metadata for es.deusto.spq.ProyectoCinePlus.servidor.DATA.Pelicula
org.datanucleus.exceptions.NucleusUserException: Exception during population of metadata for es.deusto.spq.ProyectoCinePlus.servidor.DATA.Pelicula
	at org.datanucleus.metadata.MetaDataManagerImpl$1.run(MetaDataManagerImpl.java:2884)
	at java.security.AccessController.doPrivileged(Native Method)
	at org.datanucleus.metadata.MetaDataManagerImpl.populateAbstractClassMetaData(MetaDataManagerImpl.java:2861)
	at org.datanucleus.metadata.MetaDataManagerImpl.populateFileMetaData(MetaDataManagerImpl.java:2665)
	at org.datanucleus.metadata.MetaDataManagerImpl.loadAnnotationsForClass(MetaDataManagerImpl.java:2829)
	at org.datanucleus.api.jdo.metadata.JDOMetaDataManager.loadMetaDataForClass(JDOMetaDataManager.java:387)
	at org.datanucleus.metadata.MetaDataManagerImpl.getMetaDataForClassInternal(MetaDataManagerImpl.java:1789)
	at org.datanucleus.metadata.MetaDataManagerImpl.getMetaDataForClass(MetaDataManagerImpl.java:1643)
	at org.datanucleus.api.jdo.metadata.JDOMetaDataManager$MetaDataRegisterClassListener.registerClass(JDOMetaDataManager.java:205)
	at org.datanucleus.enhancer.EnhancementHelper.registerClass(EnhancementHelper.java:187)
	at es.deusto.spq.ProyectoCinePlus.servidor.DATA.Pelicula.&lt;clinit&gt;(Pelicula.java)
	at es.deusto.spq.ProyectoCinePlus.cliente.util.conectividad.CinePlusControllerTest.setUpclases(CinePlusControllerTest.java:182)
	at sun.reflect.NativeMethodAccessorImpl.invoke0(Native Method)
	at sun.reflect.NativeMethodAccessorImpl.invoke(NativeMethodAccessorImpl.java:62)
	at sun.reflect.DelegatingMethodAccessorImpl.invoke(DelegatingMethodAccessorImpl.java:43)
	at java.lang.reflect.Method.invoke(Method.java:498)
	at org.junit.runners.model.FrameworkMethod$1.runReflectiveCall(FrameworkMethod.java:50)
	at org.junit.internal.runners.model.ReflectiveCallable.run(ReflectiveCallable.java:12)
	at org.junit.runners.model.FrameworkMethod.invokeExplosively(FrameworkMethod.java:47)
	at org.junit.internal.runners.statements.RunBefores.evaluate(RunBefores.java:24)
	at org.junit.runners.ParentRunner.runLeaf(ParentRunner.java:325)
	at org.junit.runners.BlockJUnit4ClassRunner.runChild(BlockJUnit4ClassRunner.java:78)
	at org.junit.runners.BlockJUnit4ClassRunner.runChild(BlockJUnit4ClassRunner.java:57)
	at org.junit.runners.ParentRunner$3.run(ParentRunner.java:290)
	at org.junit.runners.ParentRunner$1.schedule(ParentRunner.java:71)
	at org.junit.runners.ParentRunner.runChildren(ParentRunner.java:288)
	at org.junit.runners.ParentRunner.access$000(ParentRunner.java:58)
	at org.junit.runners.ParentRunner$2.evaluate(ParentRunner.java:268)
	at org.junit.internal.runners.statements.RunBefores.evaluate(RunBefores.java:26)
	at org.junit.internal.runners.statements.RunAfters.evaluate(RunAfters.java:27)
	at org.junit.runners.ParentRunner.run(ParentRunner.java:363)
	at junit.framework.JUnit4TestAdapter.run(JUnit4TestAdapter.java:38)
	at org.junit.internal.runners.JUnit38ClassRunner.run(JUnit38ClassRunner.java:86)
	at org.apache.maven.surefire.junit4.JUnit4Provider.execute(JUnit4Provider.java:252)
	at org.apache.maven.surefire.junit4.JUnit4Provider.executeTestSet(JUnit4Provider.java:141)
	at org.apache.maven.surefire.junit4.JUnit4Provider.invoke(JUnit4Provider.java:112)
	at sun.reflect.NativeMethodAccessorImpl.invoke0(Native Method)
	at sun.reflect.NativeMethodAccessorImpl.invoke(NativeMethodAccessorImpl.java:62)
	at sun.reflect.DelegatingMethodAccessorImpl.invoke(DelegatingMethodAccessorImpl.java:43)
	at java.lang.reflect.Method.invoke(Method.java:498)
	at org.apache.maven.surefire.util.ReflectionUtils.invokeMethodWithArray(ReflectionUtils.java:189)
	at org.apache.maven.surefire.booter.ProviderFactory$ProviderProxy.invoke(ProviderFactory.java:165)
	at org.apache.maven.surefire.booter.ProviderFactory.invokeProvider(ProviderFactory.java:85)
	at org.apache.maven.surefire.booter.ForkedBooter.runSuitesInProcess(ForkedBooter.java:115)
	at org.apache.maven.surefire.booter.ForkedBooter.main(ForkedBooter.java:75)
Caused by: java.lang.RuntimeException: access denied (&quot;java.lang.RuntimePermission&quot; &quot;accessDeclaredMembers&quot;)
	at org.datanucleus.metadata.ClassMetaData.addMetaDataForMembersNotInMetaData(ClassMetaData.java:697)
	at org.datanucleus.metadata.ClassMetaData.populate(ClassMetaData.java:184)
	at org.datanucleus.metadata.MetaDataManagerImpl$1.run(MetaDataManagerImpl.java:2867)
	... 44 more
Nested Throwables StackTrace:
java.lang.RuntimeException: access denied (&quot;java.lang.RuntimePermission&quot; &quot;accessDeclaredMembers&quot;)
	at org.datanucleus.metadata.ClassMetaData.addMetaDataForMembersNotInMetaData(ClassMetaData.java:697)
	at org.datanucleus.metadata.ClassMetaData.populate(ClassMetaData.java:184)
	at org.datanucleus.metadata.MetaDataManagerImpl$1.run(MetaDataManagerImpl.java:2867)
	at java.security.AccessController.doPrivileged(Native Method)
	at org.datanucleus.metadata.MetaDataManagerImpl.populateAbstractClassMetaData(MetaDataManagerImpl.java:2861)
	at org.datanucleus.metadata.MetaDataManagerImpl.populateFileMetaData(MetaDataManagerImpl.java:2665)
	at org.datanucleus.metadata.MetaDataManagerImpl.loadAnnotationsForClass(MetaDataManagerImpl.java:2829)
	at org.datanucleus.api.jdo.metadata.JDOMetaDataManager.loadMetaDataForClass(JDOMetaDataManager.java:387)
	at org.datanucleus.metadata.MetaDataManagerImpl.getMetaDataForClassInternal(MetaDataManagerImpl.java:1789)
	at org.datanucleus.metadata.MetaDataManagerImpl.getMetaDataForClass(MetaDataManagerImpl.java:1643)
	at org.datanucleus.api.jdo.metadata.JDOMetaDataManager$MetaDataRegisterClassListener.registerClass(JDOMetaDataManager.java:205)
	at org.datanucleus.enhancer.EnhancementHelper.registerClass(EnhancementHelper.java:187)
	at es.deusto.spq.ProyectoCinePlus.servidor.DATA.Pelicula.&lt;clinit&gt;(Pelicula.java)
	at es.deusto.spq.ProyectoCinePlus.cliente.util.conectividad.CinePlusControllerTest.setUpclases(CinePlusControllerTest.java:182)
	at sun.reflect.NativeMethodAccessorImpl.invoke0(Native Method)
	at sun.reflect.NativeMethodAccessorImpl.invoke(NativeMethodAccessorImpl.java:62)
	at sun.reflect.DelegatingMethodAccessorImpl.invoke(DelegatingMethodAccessorImpl.java:43)
	at java.lang.reflect.Method.invoke(Method.java:498)
	at org.junit.runners.model.FrameworkMethod$1.runReflectiveCall(FrameworkMethod.java:50)
	at org.junit.internal.runners.model.ReflectiveCallable.run(ReflectiveCallable.java:12)
	at org.junit.runners.model.FrameworkMethod.invokeExplosively(FrameworkMethod.java:47)
	at org.junit.internal.runners.statements.RunBefores.evaluate(RunBefores.java:24)
	at org.junit.runners.ParentRunner.runLeaf(ParentRunner.java:325)
	at org.junit.runners.BlockJUnit4ClassRunner.runChild(BlockJUnit4ClassRunner.java:78)
	at org.junit.runners.BlockJUnit4ClassRunner.runChild(BlockJUnit4ClassRunner.java:57)
	at org.junit.runners.ParentRunner$3.run(ParentRunner.java:290)
	at org.junit.runners.ParentRunner$1.schedule(ParentRunner.java:71)
	at org.junit.runners.ParentRunner.runChildren(ParentRunner.java:288)
	at org.junit.runners.ParentRunner.access$000(ParentRunner.java:58)
	at org.junit.runners.ParentRunner$2.evaluate(ParentRunner.java:268)
	at org.junit.internal.runners.statements.RunBefores.evaluate(RunBefores.java:26)
	at org.junit.internal.runners.statements.RunAfters.evaluate(RunAfters.java:27)
	at org.junit.runners.ParentRunner.run(ParentRunner.java:363)
	at junit.framework.JUnit4TestAdapter.run(JUnit4TestAdapter.java:38)
	at org.junit.internal.runners.JUnit38ClassRunner.run(JUnit38ClassRunner.java:86)
	at org.apache.maven.surefire.junit4.JUnit4Provider.execute(JUnit4Provider.java:252)
	at org.apache.maven.surefire.junit4.JUnit4Provider.executeTestSet(JUnit4Provider.java:141)
	at org.apache.maven.surefire.junit4.JUnit4Provider.invoke(JUnit4Provider.java:112)
	at sun.reflect.NativeMethodAccessorImpl.invoke0(Native Method)
	at sun.reflect.NativeMethodAccessorImpl.invoke(NativeMethodAccessorImpl.java:62)
	at sun.reflect.DelegatingMethodAccessorImpl.invoke(DelegatingMethodAccessorImpl.java:43)
	at java.lang.reflect.Method.invoke(Method.java:498)
	at org.apache.maven.surefire.util.ReflectionUtils.invokeMethodWithArray(ReflectionUtils.java:189)
	at org.apache.maven.surefire.booter.ProviderFactory$ProviderProxy.invoke(ProviderFactory.java:165)
	at org.apache.maven.surefire.booter.ProviderFactory.invokeProvider(ProviderFactory.java:85)
	at org.apache.maven.surefire.booter.ForkedBooter.runSuitesInProcess(ForkedBooter.java:115)
	at org.apache.maven.surefire.booter.ForkedBooter.main(ForkedBooter.java:75)
9684 [main] ERROR DataNucleus.MetaData  - access denied (&quot;java.lang.RuntimePermission&quot; &quot;accessDeclaredMembers&quot;)
java.security.AccessControlException: access denied (&quot;java.lang.RuntimePermission&quot; &quot;accessDeclaredMembers&quot;)
	at java.security.AccessControlContext.checkPermission(AccessControlContext.java:472)
	at java.security.AccessController.checkPermission(AccessController.java:884)
	at java.lang.SecurityManager.checkPermission(SecurityManager.java:549)
	at java.lang.Class.checkMemberAccess(Class.java:2348)
	at java.lang.Class.getDeclaredFields(Class.java:1915)
	at org.datanucleus.metadata.ClassMetaData.addMetaDataForMembersNotInMetaData(ClassMetaData.java:578)
	at org.datanucleus.metadata.ClassMetaData.populate(ClassMetaData.java:184)
	at org.datanucleus.metadata.MetaDataManagerImpl$1.run(MetaDataManagerImpl.java:2867)
	at java.security.AccessController.doPrivileged(Native Method)
	at org.datanucleus.metadata.MetaDataManagerImpl.populateAbstractClassMetaData(MetaDataManagerImpl.java:2861)
	at org.datanucleus.metadata.MetaDataManagerImpl.populateFileMetaData(MetaDataManagerImpl.java:2665)
	at org.datanucleus.metadata.MetaDataManagerImpl.loadAnnotationsForClass(MetaDataManagerImpl.java:2829)
	at org.datanucleus.api.jdo.metadata.JDOMetaDataManager.loadMetaDataForClass(JDOMetaDataManager.java:387)
	at org.datanucleus.metadata.MetaDataManagerImpl.getMetaDataForClassInternal(MetaDataManagerImpl.java:1789)
	at org.datanucleus.metadata.MetaDataManagerImpl.getMetaDataForClass(MetaDataManagerImpl.java:1643)
	at org.datanucleus.api.jdo.metadata.JDOMetaDataManager$MetaDataRegisterClassListener.registerClass(JDOMetaDataManager.java:205)
	at org.datanucleus.enhancer.EnhancementHelper.registerClass(EnhancementHelper.java:187)
	at es.deusto.spq.ProyectoCinePlus.servidor.DATA.Pelicula.&lt;clinit&gt;(Pelicula.java)
	at es.deusto.spq.ProyectoCinePlus.cliente.util.conectividad.CinePlusControllerTest.setUpclases(CinePlusControllerTest.java:182)
	at sun.reflect.NativeMethodAccessorImpl.invoke0(Native Method)
	at sun.reflect.NativeMethodAccessorImpl.invoke(NativeMethodAccessorImpl.java:62)
	at sun.reflect.DelegatingMethodAccessorImpl.invoke(DelegatingMethodAccessorImpl.java:43)
	at java.lang.reflect.Method.invoke(Method.java:498)
	at org.junit.runners.model.FrameworkMethod$1.runReflectiveCall(FrameworkMethod.java:50)
	at org.junit.internal.runners.model.ReflectiveCallable.run(ReflectiveCallable.java:12)
	at org.junit.runners.model.FrameworkMethod.invokeExplosively(FrameworkMethod.java:47)
	at org.junit.internal.runners.statements.RunBefores.evaluate(RunBefores.java:24)
	at org.junit.runners.ParentRunner.runLeaf(ParentRunner.java:325)
	at org.junit.runners.BlockJUnit4ClassRunner.runChild(BlockJUnit4ClassRunner.java:78)
	at org.junit.runners.BlockJUnit4ClassRunner.runChild(BlockJUnit4ClassRunner.java:57)
	at org.junit.runners.ParentRunner$3.run(ParentRunner.java:290)
	at org.junit.runners.ParentRunner$1.schedule(ParentRunner.java:71)
	at org.junit.runners.ParentRunner.runChildren(ParentRunner.java:288)
	at org.junit.runners.ParentRunner.access$000(ParentRunner.java:58)
	at org.junit.runners.ParentRunner$2.evaluate(ParentRunner.java:268)
	at org.junit.internal.runners.statements.RunBefores.evaluate(RunBefores.java:26)
	at org.junit.internal.runners.statements.RunAfters.evaluate(RunAfters.java:27)
	at org.junit.runners.ParentRunner.run(ParentRunner.java:363)
	at junit.framework.JUnit4TestAdapter.run(JUnit4TestAdapter.java:38)
	at org.junit.internal.runners.JUnit38ClassRunner.run(JUnit38ClassRunner.java:86)
	at org.apache.maven.surefire.junit4.JUnit4Provider.execute(JUnit4Provider.java:252)
	at org.apache.maven.surefire.junit4.JUnit4Provider.executeTestSet(JUnit4Provider.java:141)
	at org.apache.maven.surefire.junit4.JUnit4Provider.invoke(JUnit4Provider.java:112)
	at sun.reflect.NativeMethodAccessorImpl.invoke0(Native Method)
	at sun.reflect.NativeMethodAccessorImpl.invoke(NativeMethodAccessorImpl.java:62)
	at sun.reflect.DelegatingMethodAccessorImpl.invoke(DelegatingMethodAccessorImpl.java:43)
	at java.lang.reflect.Method.invoke(Method.java:498)
	at org.apache.maven.surefire.util.ReflectionUtils.invokeMethodWithArray(ReflectionUtils.java:189)
	at org.apache.maven.surefire.booter.ProviderFactory$ProviderProxy.invoke(ProviderFactory.java:165)
	at org.apache.maven.surefire.booter.ProviderFactory.invokeProvider(ProviderFactory.java:85)
	at org.apache.maven.surefire.booter.ForkedBooter.runSuitesInProcess(ForkedBooter.java:115)
	at org.apache.maven.surefire.booter.ForkedBooter.main(ForkedBooter.java:75)
9684 [main] WARN  DataNucleus.MetaData  - Listener attempted to load metadata for es.deusto.spq.ProyectoCinePlus.servidor.DATA.Pelicula but an exception was thrown. Ignoring this class
Exception during population of metadata for es.deusto.spq.ProyectoCinePlus.servidor.DATA.Pelicula
org.datanucleus.exceptions.NucleusUserException: Exception during population of metadata for es.deusto.spq.ProyectoCinePlus.servidor.DATA.Pelicula
	at org.datanucleus.metadata.MetaDataManagerImpl$1.run(MetaDataManagerImpl.java:2884)
	at java.security.AccessController.doPrivileged(Native Method)
	at org.datanucleus.metadata.MetaDataManagerImpl.populateAbstractClassMetaData(MetaDataManagerImpl.java:2861)
	at org.datanucleus.metadata.MetaDataManagerImpl.populateFileMetaData(MetaDataManagerImpl.java:2665)
	at org.datanucleus.metadata.MetaDataManagerImpl.loadAnnotationsForClass(MetaDataManagerImpl.java:2829)
	at org.datanucleus.api.jdo.metadata.JDOMetaDataManager.loadMetaDataForClass(JDOMetaDataManager.java:387)
	at org.datanucleus.metadata.MetaDataManagerImpl.getMetaDataForClassInternal(MetaDataManagerImpl.java:1789)
	at org.datanucleus.metadata.MetaDataManagerImpl.getMetaDataForClass(MetaDataManagerImpl.java:1643)
	at org.datanucleus.api.jdo.metadata.JDOMetaDataManager$MetaDataRegisterClassListener.registerClass(JDOMetaDataManager.java:205)
	at org.datanucleus.enhancer.EnhancementHelper.registerClass(EnhancementHelper.java:187)
	at es.deusto.spq.ProyectoCinePlus.servidor.DATA.Pelicula.&lt;clinit&gt;(Pelicula.java)
	at es.deusto.spq.ProyectoCinePlus.cliente.util.conectividad.CinePlusControllerTest.setUpclases(CinePlusControllerTest.java:182)
	at sun.reflect.NativeMethodAccessorImpl.invoke0(Native Method)
	at sun.reflect.NativeMethodAccessorImpl.invoke(NativeMethodAccessorImpl.java:62)
	at sun.reflect.DelegatingMethodAccessorImpl.invoke(DelegatingMethodAccessorImpl.java:43)
	at java.lang.reflect.Method.invoke(Method.java:498)
	at org.junit.runners.model.FrameworkMethod$1.runReflectiveCall(FrameworkMethod.java:50)
	at org.junit.internal.runners.model.ReflectiveCallable.run(ReflectiveCallable.java:12)
	at org.junit.runners.model.FrameworkMethod.invokeExplosively(FrameworkMethod.java:47)
	at org.junit.internal.runners.statements.RunBefores.evaluate(RunBefores.java:24)
	at org.junit.runners.ParentRunner.runLeaf(ParentRunner.java:325)
	at org.junit.runners.BlockJUnit4ClassRunner.runChild(BlockJUnit4ClassRunner.java:78)
	at org.junit.runners.BlockJUnit4ClassRunner.runChild(BlockJUnit4ClassRunner.java:57)
	at org.junit.runners.ParentRunner$3.run(ParentRunner.java:290)
	at org.junit.runners.ParentRunner$1.schedule(ParentRunner.java:71)
	at org.junit.runners.ParentRunner.runChildren(ParentRunner.java:288)
	at org.junit.runners.ParentRunner.access$000(ParentRunner.java:58)
	at org.junit.runners.ParentRunner$2.evaluate(ParentRunner.java:268)
	at org.junit.internal.runners.statements.RunBefores.evaluate(RunBefores.java:26)
	at org.junit.internal.runners.statements.RunAfters.evaluate(RunAfters.java:27)
	at org.junit.runners.ParentRunner.run(ParentRunner.java:363)
	at junit.framework.JUnit4TestAdapter.run(JUnit4TestAdapter.java:38)
	at org.junit.internal.runners.JUnit38ClassRunner.run(JUnit38ClassRunner.java:86)
	at org.apache.maven.surefire.junit4.JUnit4Provider.execute(JUnit4Provider.java:252)
	at org.apache.maven.surefire.junit4.JUnit4Provider.executeTestSet(JUnit4Provider.java:141)
	at org.apache.maven.surefire.junit4.JUnit4Provider.invoke(JUnit4Provider.java:112)
	at sun.reflect.NativeMethodAccessorImpl.invoke0(Native Method)
	at sun.reflect.NativeMethodAccessorImpl.invoke(NativeMethodAccessorImpl.java:62)
	at sun.reflect.DelegatingMethodAccessorImpl.invoke(DelegatingMethodAccessorImpl.java:43)
	at java.lang.reflect.Method.invoke(Method.java:498)
	at org.apache.maven.surefire.util.ReflectionUtils.invokeMethodWithArray(ReflectionUtils.java:189)
	at org.apache.maven.surefire.booter.ProviderFactory$ProviderProxy.invoke(ProviderFactory.java:165)
	at org.apache.maven.surefire.booter.ProviderFactory.invokeProvider(ProviderFactory.java:85)
	at org.apache.maven.surefire.booter.ForkedBooter.runSuitesInProcess(ForkedBooter.java:115)
	at org.apache.maven.surefire.booter.ForkedBooter.main(ForkedBooter.java:75)
Caused by: java.lang.RuntimeException: access denied (&quot;java.lang.RuntimePermission&quot; &quot;accessDeclaredMembers&quot;)
	at org.datanucleus.metadata.ClassMetaData.addMetaDataForMembersNotInMetaData(ClassMetaData.java:697)
	at org.datanucleus.metadata.ClassMetaData.populate(ClassMetaData.java:184)
	at org.datanucleus.metadata.MetaDataManagerImpl$1.run(MetaDataManagerImpl.java:2867)
	... 44 more
Nested Throwables StackTrace:
java.lang.RuntimeException: access denied (&quot;java.lang.RuntimePermission&quot; &quot;accessDeclaredMembers&quot;)
	at org.datanucleus.metadata.ClassMetaData.addMetaDataForMembersNotInMetaData(ClassMetaData.java:697)
	at org.datanucleus.metadata.ClassMetaData.populate(ClassMetaData.java:184)
	at org.datanucleus.metadata.MetaDataManagerImpl$1.run(MetaDataManagerImpl.java:2867)
	at java.security.AccessController.doPrivileged(Native Method)
	at org.datanucleus.metadata.MetaDataManagerImpl.populateAbstractClassMetaData(MetaDataManagerImpl.java:2861)
	at org.datanucleus.metadata.MetaDataManagerImpl.populateFileMetaData(MetaDataManagerImpl.java:2665)
	at org.datanucleus.metadata.MetaDataManagerImpl.loadAnnotationsForClass(MetaDataManagerImpl.java:2829)
	at org.datanucleus.api.jdo.metadata.JDOMetaDataManager.loadMetaDataForClass(JDOMetaDataManager.java:387)
	at org.datanucleus.metadata.MetaDataManagerImpl.getMetaDataForClassInternal(MetaDataManagerImpl.java:1789)
	at org.datanucleus.metadata.MetaDataManagerImpl.getMetaDataForClass(MetaDataManagerImpl.java:1643)
	at org.datanucleus.api.jdo.metadata.JDOMetaDataManager$MetaDataRegisterClassListener.registerClass(JDOMetaDataManager.java:205)
	at org.datanucleus.enhancer.EnhancementHelper.registerClass(EnhancementHelper.java:187)
	at es.deusto.spq.ProyectoCinePlus.servidor.DATA.Pelicula.&lt;clinit&gt;(Pelicula.java)
	at es.deusto.spq.ProyectoCinePlus.cliente.util.conectividad.CinePlusControllerTest.setUpclases(CinePlusControllerTest.java:182)
	at sun.reflect.NativeMethodAccessorImpl.invoke0(Native Method)
	at sun.reflect.NativeMethodAccessorImpl.invoke(NativeMethodAccessorImpl.java:62)
	at sun.reflect.DelegatingMethodAccessorImpl.invoke(DelegatingMethodAccessorImpl.java:43)
	at java.lang.reflect.Method.invoke(Method.java:498)
	at org.junit.runners.model.FrameworkMethod$1.runReflectiveCall(FrameworkMethod.java:50)
	at org.junit.internal.runners.model.ReflectiveCallable.run(ReflectiveCallable.java:12)
	at org.junit.runners.model.FrameworkMethod.invokeExplosively(FrameworkMethod.java:47)
	at org.junit.internal.runners.statements.RunBefores.evaluate(RunBefores.java:24)
	at org.junit.runners.ParentRunner.runLeaf(ParentRunner.java:325)
	at org.junit.runners.BlockJUnit4ClassRunner.runChild(BlockJUnit4ClassRunner.java:78)
	at org.junit.runners.BlockJUnit4ClassRunner.runChild(BlockJUnit4ClassRunner.java:57)
	at org.junit.runners.ParentRunner$3.run(ParentRunner.java:290)
	at org.junit.runners.ParentRunner$1.schedule(ParentRunner.java:71)
	at org.junit.runners.ParentRunner.runChildren(ParentRunner.java:288)
	at org.junit.runners.ParentRunner.access$000(ParentRunner.java:58)
	at org.junit.runners.ParentRunner$2.evaluate(ParentRunner.java:268)
	at org.junit.internal.runners.statements.RunBefores.evaluate(RunBefores.java:26)
	at org.junit.internal.runners.statements.RunAfters.evaluate(RunAfters.java:27)
	at org.junit.runners.ParentRunner.run(ParentRunner.java:363)
	at junit.framework.JUnit4TestAdapter.run(JUnit4TestAdapter.java:38)
	at org.junit.internal.runners.JUnit38ClassRunner.run(JUnit38ClassRunner.java:86)
	at org.apache.maven.surefire.junit4.JUnit4Provider.execute(JUnit4Provider.java:252)
	at org.apache.maven.surefire.junit4.JUnit4Provider.executeTestSet(JUnit4Provider.java:141)
	at org.apache.maven.surefire.junit4.JUnit4Provider.invoke(JUnit4Provider.java:112)
	at sun.reflect.NativeMethodAccessorImpl.invoke0(Native Method)
	at sun.reflect.NativeMethodAccessorImpl.invoke(NativeMethodAccessorImpl.java:62)
	at sun.reflect.DelegatingMethodAccessorImpl.invoke(DelegatingMethodAccessorImpl.java:43)
	at java.lang.reflect.Method.invoke(Method.java:498)
	at org.apache.maven.surefire.util.ReflectionUtils.invokeMethodWithArray(ReflectionUtils.java:189)
	at org.apache.maven.surefire.booter.ProviderFactory$ProviderProxy.invoke(ProviderFactory.java:165)
	at org.apache.maven.surefire.booter.ProviderFactory.invokeProvider(ProviderFactory.java:85)
	at org.apache.maven.surefire.booter.ForkedBooter.runSuitesInProcess(ForkedBooter.java:115)
	at org.apache.maven.surefire.booter.ForkedBooter.main(ForkedBooter.java:75)
9762 [main] INFO  es.deusto.spq.ProyectoCinePlus.servidor.DAO.PeliculaDAO  -    * Storing an object: Pelicula [id_pelicula=1, nombre=Cadena perpetua, duracion=142, descripcion=vida de prisioneros, anyo=1994, categoria=Drama, precio=14.0, portada=14]
9762 [main] ERROR DataNucleus.MetaData  - access denied (&quot;java.lang.RuntimePermission&quot; &quot;accessDeclaredMembers&quot;)
java.security.AccessControlException: access denied (&quot;java.lang.RuntimePermission&quot; &quot;accessDeclaredMembers&quot;)
	at java.security.AccessControlContext.checkPermission(AccessControlContext.java:472)
	at java.security.AccessController.checkPermission(AccessController.java:884)
	at java.lang.SecurityManager.checkPermission(SecurityManager.java:549)
	at java.lang.Class.checkMemberAccess(Class.java:2348)
	at java.lang.Class.getDeclaredFields(Class.java:1915)
	at org.datanucleus.metadata.ClassMetaData.addMetaDataForMembersNotInMetaData(ClassMetaData.java:578)
	at org.datanucleus.metadata.ClassMetaData.populate(ClassMetaData.java:184)
	at org.datanucleus.metadata.MetaDataManagerImpl$1.run(MetaDataManagerImpl.java:2867)
	at java.security.AccessController.doPrivileged(Native Method)
	at org.datanucleus.metadata.MetaDataManagerImpl.populateAbstractClassMetaData(MetaDataManagerImpl.java:2861)
	at org.datanucleus.metadata.MetaDataManagerImpl.getMetaDataForClass(MetaDataManagerImpl.java:1653)
	at org.datanucleus.ExecutionContextImpl.hasPersistenceInformationForClass(ExecutionContextImpl.java:5550)
	at org.datanucleus.ExecutionContextImpl.assertClassPersistable(ExecutionContextImpl.java:5482)
	at org.datanucleus.ExecutionContextImpl.persistObjectInternal(ExecutionContextImpl.java:1925)
	at org.datanucleus.ExecutionContextImpl.persistObjectWork(ExecutionContextImpl.java:1868)
	at org.datanucleus.ExecutionContextImpl.persistObject(ExecutionContextImpl.java:1723)
	at org.datanucleus.api.jdo.JDOPersistenceManager.jdoMakePersistent(JDOPersistenceManager.java:712)
	at org.datanucleus.api.jdo.JDOPersistenceManager.makePersistent(JDOPersistenceManager.java:738)
	at es.deusto.spq.ProyectoCinePlus.servidor.DAO.PeliculaDAO.storeObject(PeliculaDAO.java:38)
	at es.deusto.spq.ProyectoCinePlus.servidor.DAO.PeliculaDAO.storePelicula(PeliculaDAO.java:27)
	at es.deusto.spq.ProyectoCinePlus.cliente.util.conectividad.CinePlusControllerTest.setUpclases(CinePlusControllerTest.java:183)
	at sun.reflect.NativeMethodAccessorImpl.invoke0(Native Method)
	at sun.reflect.NativeMethodAccessorImpl.invoke(NativeMethodAccessorImpl.java:62)
	at sun.reflect.DelegatingMethodAccessorImpl.invoke(DelegatingMethodAccessorImpl.java:43)
	at java.lang.reflect.Method.invoke(Method.java:498)
	at org.junit.runners.model.FrameworkMethod$1.runReflectiveCall(FrameworkMethod.java:50)
	at org.junit.internal.runners.model.ReflectiveCallable.run(ReflectiveCallable.java:12)
	at org.junit.runners.model.FrameworkMethod.invokeExplosively(FrameworkMethod.java:47)
	at org.junit.internal.runners.statements.RunBefores.evaluate(RunBefores.java:24)
	at org.junit.runners.ParentRunner.runLeaf(ParentRunner.java:325)
	at org.junit.runners.BlockJUnit4ClassRunner.runChild(BlockJUnit4ClassRunner.java:78)
	at org.junit.runners.BlockJUnit4ClassRunner.runChild(BlockJUnit4ClassRunner.java:57)
	at org.junit.runners.ParentRunner$3.run(ParentRunner.java:290)
	at org.junit.runners.ParentRunner$1.schedule(ParentRunner.java:71)
	at org.junit.runners.ParentRunner.runChildren(ParentRunner.java:288)
	at org.junit.runners.ParentRunner.access$000(ParentRunner.java:58)
	at org.junit.runners.ParentRunner$2.evaluate(ParentRunner.java:268)
	at org.junit.internal.runners.statements.RunBefores.evaluate(RunBefores.java:26)
	at org.junit.internal.runners.statements.RunAfters.evaluate(RunAfters.java:27)
	at org.junit.runners.ParentRunner.run(ParentRunner.java:363)
	at junit.framework.JUnit4TestAdapter.run(JUnit4TestAdapter.java:38)
	at org.junit.internal.runners.JUnit38ClassRunner.run(JUnit38ClassRunner.java:86)
	at org.apache.maven.surefire.junit4.JUnit4Provider.execute(JUnit4Provider.java:252)
	at org.apache.maven.surefire.junit4.JUnit4Provider.executeTestSet(JUnit4Provider.java:141)
	at org.apache.maven.surefire.junit4.JUnit4Provider.invoke(JUnit4Provider.java:112)
	at sun.reflect.NativeMethodAccessorImpl.invoke0(Native Method)
	at sun.reflect.NativeMethodAccessorImpl.invoke(NativeMethodAccessorImpl.java:62)
	at sun.reflect.DelegatingMethodAccessorImpl.invoke(DelegatingMethodAccessorImpl.java:43)
	at java.lang.reflect.Method.invoke(Method.java:498)
	at org.apache.maven.surefire.util.ReflectionUtils.invokeMethodWithArray(ReflectionUtils.java:189)
	at org.apache.maven.surefire.booter.ProviderFactory$ProviderProxy.invoke(ProviderFactory.java:165)
	at org.apache.maven.surefire.booter.ProviderFactory.invokeProvider(ProviderFactory.java:85)
	at org.apache.maven.surefire.booter.ForkedBooter.runSuitesInProcess(ForkedBooter.java:115)
	at org.apache.maven.surefire.booter.ForkedBooter.main(ForkedBooter.java:75)
9778 [main] INFO  es.deusto.spq.ProyectoCinePlus.servidor.DAO.PeliculaDAO  - La pelicula Cadena perpetua ya existe
9794 [main] INFO  es.deusto.spq.ProyectoCinePlus.cliente.util.conectividad.CinePlusControllerTest  - BeforeTest - Setting the client ready for calling TestServer name: //127.0.0.1:1099/CinePlusServer
9794 [main] ERROR es.deusto.spq.ProyectoCinePlus.cliente.util.conectividad.CinePlusControllerTest  -  # CinePlusServer RemoteException: access denied (&quot;java.net.SocketPermission&quot; &quot;127.0.0.1:1099&quot; &quot;connect,resolve&quot;)
</system-out>
    <system-err>Exception in thread &quot;Thread-3&quot; java.lang.ExceptionInInitializerError
	at es.deusto.spq.ProyectoCinePlus.cliente.util.conectividad.CinePlusControllerTest$1RMIServerRunnable.run(CinePlusControllerTest.java:114)
	at java.lang.Thread.run(Thread.java:745)
Caused by: java.security.AccessControlException: access denied (&quot;java.util.PropertyPermission&quot; &quot;user.dir&quot; &quot;read&quot;)
	at java.security.AccessControlContext.checkPermission(AccessControlContext.java:472)
	at java.security.AccessController.checkPermission(AccessController.java:884)
	at java.lang.SecurityManager.checkPermission(SecurityManager.java:549)
	at java.lang.SecurityManager.checkPropertyAccess(SecurityManager.java:1294)
	at java.lang.System.getProperty(System.java:717)
	at es.deusto.spq.ProyectoCinePlus.servidor.Conectividad.CinePlusServer.&lt;clinit&gt;(CinePlusServer.java:20)
	... 2 more
java.security.AccessControlException: access denied (&quot;java.net.SocketPermission&quot; &quot;127.0.0.1:1099&quot; &quot;connect,resolve&quot;)
	at java.security.AccessControlContext.checkPermission(AccessControlContext.java:472)
	at java.security.AccessController.checkPermission(AccessController.java:884)
	at java.lang.SecurityManager.checkPermission(SecurityManager.java:549)
	at java.lang.SecurityManager.checkConnect(SecurityManager.java:1051)
	at java.net.Socket.connect(Socket.java:584)
	at java.net.Socket.connect(Socket.java:538)
	at java.net.Socket.&lt;init&gt;(Socket.java:434)
	at java.net.Socket.&lt;init&gt;(Socket.java:211)
	at sun.rmi.transport.proxy.RMIDirectSocketFactory.createSocket(RMIDirectSocketFactory.java:40)
	at sun.rmi.transport.proxy.RMIMasterSocketFactory.createSocket(RMIMasterSocketFactory.java:148)
	at sun.rmi.transport.tcp.TCPEndpoint.newSocket(TCPEndpoint.java:613)
	at sun.rmi.transport.tcp.TCPChannel.createConnection(TCPChannel.java:216)
	at sun.rmi.transport.tcp.TCPChannel.newConnection(TCPChannel.java:202)
	at sun.rmi.server.UnicastRef.newCall(UnicastRef.java:342)
	at sun.rmi.registry.RegistryImpl_Stub.lookup(Unknown Source)
	at java.rmi.Naming.lookup(Naming.java:101)
	at es.deusto.spq.ProyectoCinePlus.cliente.util.Conectividad.RMIServiceLocator.setService(RMIServiceLocator.java:21)
	at es.deusto.spq.ProyectoCinePlus.cliente.util.conectividad.CinePlusControllerTest.setUp(CinePlusControllerTest.java:138)
	at sun.reflect.NativeMethodAccessorImpl.invoke0(Native Method)
	at sun.reflect.NativeMethodAccessorImpl.invoke(NativeMethodAccessorImpl.java:62)
	at sun.reflect.DelegatingMethodAccessorImpl.invoke(DelegatingMethodAccessorImpl.java:43)
	at java.lang.reflect.Method.invoke(Method.java:498)
	at org.junit.runners.model.FrameworkMethod$1.runReflectiveCall(FrameworkMethod.java:50)
	at org.junit.internal.runners.model.ReflectiveCallable.run(ReflectiveCallable.java:12)
	at org.junit.runners.model.FrameworkMethod.invokeExplosively(FrameworkMethod.java:47)
	at org.junit.internal.runners.statements.RunBefores.evaluate(RunBefores.java:24)
	at org.junit.internal.runners.statements.RunAfters.evaluate(RunAfters.java:27)
	at org.junit.runners.ParentRunner.run(ParentRunner.java:363)
	at junit.framework.JUnit4TestAdapter.run(JUnit4TestAdapter.java:38)
	at org.junit.internal.runners.JUnit38ClassRunner.run(JUnit38ClassRunner.java:86)
	at org.apache.maven.surefire.junit4.JUnit4Provider.execute(JUnit4Provider.java:252)
	at org.apache.maven.surefire.junit4.JUnit4Provider.executeTestSet(JUnit4Provider.java:141)
	at org.apache.maven.surefire.junit4.JUnit4Provider.invoke(JUnit4Provider.java:112)
	at sun.reflect.NativeMethodAccessorImpl.invoke0(Native Method)
	at sun.reflect.NativeMethodAccessorImpl.invoke(NativeMethodAccessorImpl.java:62)
	at sun.reflect.DelegatingMethodAccessorImpl.invoke(DelegatingMethodAccessorImpl.java:43)
	at java.lang.reflect.Method.invoke(Method.java:498)
	at org.apache.maven.surefire.util.ReflectionUtils.invokeMethodWithArray(ReflectionUtils.java:189)
	at org.apache.maven.surefire.booter.ProviderFactory$ProviderProxy.invoke(ProviderFactory.java:165)
	at org.apache.maven.surefire.booter.ProviderFactory.invokeProvider(ProviderFactory.java:85)
	at org.apache.maven.surefire.booter.ForkedBooter.runSuitesInProcess(ForkedBooter.java:115)
	at org.apache.maven.surefire.booter.ForkedBooter.main(ForkedBooter.java:75)
</system-err>
  </testcase>
  <testcase classname="es.deusto.spq.ProyectoCinePlus.cliente.util.conectividad.CinePlusControllerTest" name="Test2_RegistrarUsuario2Test" time="0">
    <error message="access denied (&quot;java.lang.RuntimePermission&quot; &quot;exitVM.-1&quot;)" type="java.security.AccessControlException">java.security.AccessControlException: access denied (&quot;java.lang.RuntimePermission&quot; &quot;exitVM.-1&quot;)
	at java.security.AccessControlContext.checkPermission(AccessControlContext.java:472)
	at java.security.AccessController.checkPermission(AccessController.java:884)
	at java.lang.SecurityManager.checkPermission(SecurityManager.java:549)
	at java.lang.SecurityManager.checkExit(SecurityManager.java:761)
	at java.lang.Runtime.exit(Runtime.java:107)
	at java.lang.System.exit(System.java:971)
	at es.deusto.spq.ProyectoCinePlus.cliente.util.conectividad.CinePlusControllerTest.setUpClient(CinePlusControllerTest.java:163)
	at sun.reflect.NativeMethodAccessorImpl.invoke0(Native Method)
	at sun.reflect.NativeMethodAccessorImpl.invoke(NativeMethodAccessorImpl.java:62)
	at sun.reflect.DelegatingMethodAccessorImpl.invoke(DelegatingMethodAccessorImpl.java:43)
	at java.lang.reflect.Method.invoke(Method.java:498)
	at org.junit.runners.model.FrameworkMethod$1.runReflectiveCall(FrameworkMethod.java:50)
	at org.junit.internal.runners.model.ReflectiveCallable.run(ReflectiveCallable.java:12)
	at org.junit.runners.model.FrameworkMethod.invokeExplosively(FrameworkMethod.java:47)
	at org.junit.internal.runners.statements.RunBefores.evaluate(RunBefores.java:24)
	at org.junit.runners.ParentRunner.runLeaf(ParentRunner.java:325)
	at org.junit.runners.BlockJUnit4ClassRunner.runChild(BlockJUnit4ClassRunner.java:78)
	at org.junit.runners.BlockJUnit4ClassRunner.runChild(BlockJUnit4ClassRunner.java:57)
	at org.junit.runners.ParentRunner$3.run(ParentRunner.java:290)
	at org.junit.runners.ParentRunner$1.schedule(ParentRunner.java:71)
	at org.junit.runners.ParentRunner.runChildren(ParentRunner.java:288)
	at org.junit.runners.ParentRunner.access$000(ParentRunner.java:58)
	at org.junit.runners.ParentRunner$2.evaluate(ParentRunner.java:268)
	at org.junit.internal.runners.statements.RunBefores.evaluate(RunBefores.java:26)
	at org.junit.internal.runners.statements.RunAfters.evaluate(RunAfters.java:27)
	at org.junit.runners.ParentRunner.run(ParentRunner.java:363)
	at junit.framework.JUnit4TestAdapter.run(JUnit4TestAdapter.java:38)
	at org.junit.internal.runners.JUnit38ClassRunner.run(JUnit38ClassRunner.java:86)
	at org.apache.maven.surefire.junit4.JUnit4Provider.execute(JUnit4Provider.java:252)
	at org.apache.maven.surefire.junit4.JUnit4Provider.executeTestSet(JUnit4Provider.java:141)
	at org.apache.maven.surefire.junit4.JUnit4Provider.invoke(JUnit4Provider.java:112)
	at sun.reflect.NativeMethodAccessorImpl.invoke0(Native Method)
	at sun.reflect.NativeMethodAccessorImpl.invoke(NativeMethodAccessorImpl.java:62)
	at sun.reflect.DelegatingMethodAccessorImpl.invoke(DelegatingMethodAccessorImpl.java:43)
	at java.lang.reflect.Method.invoke(Method.java:498)
	at org.apache.maven.surefire.util.ReflectionUtils.invokeMethodWithArray(ReflectionUtils.java:189)
	at org.apache.maven.surefire.booter.ProviderFactory$ProviderProxy.invoke(ProviderFactory.java:165)
	at org.apache.maven.surefire.booter.ProviderFactory.invokeProvider(ProviderFactory.java:85)
	at org.apache.maven.surefire.booter.ForkedBooter.runSuitesInProcess(ForkedBooter.java:115)
	at org.apache.maven.surefire.booter.ForkedBooter.main(ForkedBooter.java:75)
</error>
    <system-out>9794 [main] INFO  es.deusto.spq.ProyectoCinePlus.servidor.DAO.PeliculaDAO  -    * Storing an object: Pelicula [id_pelicula=1, nombre=Cadena perpetua, duracion=142, descripcion=vida de prisioneros, anyo=1994, categoria=Drama, precio=14.0, portada=14]
9825 [main] ERROR DataNucleus.MetaData  - access denied (&quot;java.lang.RuntimePermission&quot; &quot;accessDeclaredMembers&quot;)
java.security.AccessControlException: access denied (&quot;java.lang.RuntimePermission&quot; &quot;accessDeclaredMembers&quot;)
	at java.security.AccessControlContext.checkPermission(AccessControlContext.java:472)
	at java.security.AccessController.checkPermission(AccessController.java:884)
	at java.lang.SecurityManager.checkPermission(SecurityManager.java:549)
	at java.lang.Class.checkMemberAccess(Class.java:2348)
	at java.lang.Class.getDeclaredFields(Class.java:1915)
	at org.datanucleus.metadata.ClassMetaData.addMetaDataForMembersNotInMetaData(ClassMetaData.java:578)
	at org.datanucleus.metadata.ClassMetaData.populate(ClassMetaData.java:184)
	at org.datanucleus.metadata.MetaDataManagerImpl$1.run(MetaDataManagerImpl.java:2867)
	at java.security.AccessController.doPrivileged(Native Method)
	at org.datanucleus.metadata.MetaDataManagerImpl.populateAbstractClassMetaData(MetaDataManagerImpl.java:2861)
	at org.datanucleus.metadata.MetaDataManagerImpl.getMetaDataForClass(MetaDataManagerImpl.java:1653)
	at org.datanucleus.ExecutionContextImpl.hasPersistenceInformationForClass(ExecutionContextImpl.java:5550)
	at org.datanucleus.ExecutionContextImpl.assertClassPersistable(ExecutionContextImpl.java:5482)
	at org.datanucleus.ExecutionContextImpl.persistObjectInternal(ExecutionContextImpl.java:1925)
	at org.datanucleus.ExecutionContextImpl.persistObjectWork(ExecutionContextImpl.java:1868)
	at org.datanucleus.ExecutionContextImpl.persistObject(ExecutionContextImpl.java:1723)
	at org.datanucleus.api.jdo.JDOPersistenceManager.jdoMakePersistent(JDOPersistenceManager.java:712)
	at org.datanucleus.api.jdo.JDOPersistenceManager.makePersistent(JDOPersistenceManager.java:738)
	at es.deusto.spq.ProyectoCinePlus.servidor.DAO.PeliculaDAO.storeObject(PeliculaDAO.java:38)
	at es.deusto.spq.ProyectoCinePlus.servidor.DAO.PeliculaDAO.storePelicula(PeliculaDAO.java:27)
	at es.deusto.spq.ProyectoCinePlus.cliente.util.conectividad.CinePlusControllerTest.setUpclases(CinePlusControllerTest.java:183)
	at sun.reflect.NativeMethodAccessorImpl.invoke0(Native Method)
	at sun.reflect.NativeMethodAccessorImpl.invoke(NativeMethodAccessorImpl.java:62)
	at sun.reflect.DelegatingMethodAccessorImpl.invoke(DelegatingMethodAccessorImpl.java:43)
	at java.lang.reflect.Method.invoke(Method.java:498)
	at org.junit.runners.model.FrameworkMethod$1.runReflectiveCall(FrameworkMethod.java:50)
	at org.junit.internal.runners.model.ReflectiveCallable.run(ReflectiveCallable.java:12)
	at org.junit.runners.model.FrameworkMethod.invokeExplosively(FrameworkMethod.java:47)
	at org.junit.internal.runners.statements.RunBefores.evaluate(RunBefores.java:24)
	at org.junit.runners.ParentRunner.runLeaf(ParentRunner.java:325)
	at org.junit.runners.BlockJUnit4ClassRunner.runChild(BlockJUnit4ClassRunner.java:78)
	at org.junit.runners.BlockJUnit4ClassRunner.runChild(BlockJUnit4ClassRunner.java:57)
	at org.junit.runners.ParentRunner$3.run(ParentRunner.java:290)
	at org.junit.runners.ParentRunner$1.schedule(ParentRunner.java:71)
	at org.junit.runners.ParentRunner.runChildren(ParentRunner.java:288)
	at org.junit.runners.ParentRunner.access$000(ParentRunner.java:58)
	at org.junit.runners.ParentRunner$2.evaluate(ParentRunner.java:268)
	at org.junit.internal.runners.statements.RunBefores.evaluate(RunBefores.java:26)
	at org.junit.internal.runners.statements.RunAfters.evaluate(RunAfters.java:27)
	at org.junit.runners.ParentRunner.run(ParentRunner.java:363)
	at junit.framework.JUnit4TestAdapter.run(JUnit4TestAdapter.java:38)
	at org.junit.internal.runners.JUnit38ClassRunner.run(JUnit38ClassRunner.java:86)
	at org.apache.maven.surefire.junit4.JUnit4Provider.execute(JUnit4Provider.java:252)
	at org.apache.maven.surefire.junit4.JUnit4Provider.executeTestSet(JUnit4Provider.java:141)
	at org.apache.maven.surefire.junit4.JUnit4Provider.invoke(JUnit4Provider.java:112)
	at sun.reflect.NativeMethodAccessorImpl.invoke0(Native Method)
	at sun.reflect.NativeMethodAccessorImpl.invoke(NativeMethodAccessorImpl.java:62)
	at sun.reflect.DelegatingMethodAccessorImpl.invoke(DelegatingMethodAccessorImpl.java:43)
	at java.lang.reflect.Method.invoke(Method.java:498)
	at org.apache.maven.surefire.util.ReflectionUtils.invokeMethodWithArray(ReflectionUtils.java:189)
	at org.apache.maven.surefire.booter.ProviderFactory$ProviderProxy.invoke(ProviderFactory.java:165)
	at org.apache.maven.surefire.booter.ProviderFactory.invokeProvider(ProviderFactory.java:85)
	at org.apache.maven.surefire.booter.ForkedBooter.runSuitesInProcess(ForkedBooter.java:115)
	at org.apache.maven.surefire.booter.ForkedBooter.main(ForkedBooter.java:75)
9825 [main] INFO  es.deusto.spq.ProyectoCinePlus.servidor.DAO.PeliculaDAO  - La pelicula Cadena perpetua ya existe
9825 [main] INFO  es.deusto.spq.ProyectoCinePlus.cliente.util.conectividad.CinePlusControllerTest  - BeforeTest - Setting the client ready for calling TestServer name: //127.0.0.1:1099/CinePlusServer
9825 [main] ERROR es.deusto.spq.ProyectoCinePlus.cliente.util.conectividad.CinePlusControllerTest  -  # CinePlusServer RemoteException: access denied (&quot;java.net.SocketPermission&quot; &quot;127.0.0.1:1099&quot; &quot;connect,resolve&quot;)
</system-out>
  </testcase>
  <testcase classname="es.deusto.spq.ProyectoCinePlus.cliente.util.conectividad.CinePlusControllerTest" name="Test3_LoginUsuarioTest" time="0.015">
    <error message="access denied (&quot;java.lang.RuntimePermission&quot; &quot;exitVM.-1&quot;)" type="java.security.AccessControlException">java.security.AccessControlException: access denied (&quot;java.lang.RuntimePermission&quot; &quot;exitVM.-1&quot;)
	at java.security.AccessControlContext.checkPermission(AccessControlContext.java:472)
	at java.security.AccessController.checkPermission(AccessController.java:884)
	at java.lang.SecurityManager.checkPermission(SecurityManager.java:549)
	at java.lang.SecurityManager.checkExit(SecurityManager.java:761)
	at java.lang.Runtime.exit(Runtime.java:107)
	at java.lang.System.exit(System.java:971)
	at es.deusto.spq.ProyectoCinePlus.cliente.util.conectividad.CinePlusControllerTest.setUpClient(CinePlusControllerTest.java:163)
	at sun.reflect.NativeMethodAccessorImpl.invoke0(Native Method)
	at sun.reflect.NativeMethodAccessorImpl.invoke(NativeMethodAccessorImpl.java:62)
	at sun.reflect.DelegatingMethodAccessorImpl.invoke(DelegatingMethodAccessorImpl.java:43)
	at java.lang.reflect.Method.invoke(Method.java:498)
	at org.junit.runners.model.FrameworkMethod$1.runReflectiveCall(FrameworkMethod.java:50)
	at org.junit.internal.runners.model.ReflectiveCallable.run(ReflectiveCallable.java:12)
	at org.junit.runners.model.FrameworkMethod.invokeExplosively(FrameworkMethod.java:47)
	at org.junit.internal.runners.statements.RunBefores.evaluate(RunBefores.java:24)
	at org.junit.runners.ParentRunner.runLeaf(ParentRunner.java:325)
	at org.junit.runners.BlockJUnit4ClassRunner.runChild(BlockJUnit4ClassRunner.java:78)
	at org.junit.runners.BlockJUnit4ClassRunner.runChild(BlockJUnit4ClassRunner.java:57)
	at org.junit.runners.ParentRunner$3.run(ParentRunner.java:290)
	at org.junit.runners.ParentRunner$1.schedule(ParentRunner.java:71)
	at org.junit.runners.ParentRunner.runChildren(ParentRunner.java:288)
	at org.junit.runners.ParentRunner.access$000(ParentRunner.java:58)
	at org.junit.runners.ParentRunner$2.evaluate(ParentRunner.java:268)
	at org.junit.internal.runners.statements.RunBefores.evaluate(RunBefores.java:26)
	at org.junit.internal.runners.statements.RunAfters.evaluate(RunAfters.java:27)
	at org.junit.runners.ParentRunner.run(ParentRunner.java:363)
	at junit.framework.JUnit4TestAdapter.run(JUnit4TestAdapter.java:38)
	at org.junit.internal.runners.JUnit38ClassRunner.run(JUnit38ClassRunner.java:86)
	at org.apache.maven.surefire.junit4.JUnit4Provider.execute(JUnit4Provider.java:252)
	at org.apache.maven.surefire.junit4.JUnit4Provider.executeTestSet(JUnit4Provider.java:141)
	at org.apache.maven.surefire.junit4.JUnit4Provider.invoke(JUnit4Provider.java:112)
	at sun.reflect.NativeMethodAccessorImpl.invoke0(Native Method)
	at sun.reflect.NativeMethodAccessorImpl.invoke(NativeMethodAccessorImpl.java:62)
	at sun.reflect.DelegatingMethodAccessorImpl.invoke(DelegatingMethodAccessorImpl.java:43)
	at java.lang.reflect.Method.invoke(Method.java:498)
	at org.apache.maven.surefire.util.ReflectionUtils.invokeMethodWithArray(ReflectionUtils.java:189)
	at org.apache.maven.surefire.booter.ProviderFactory$ProviderProxy.invoke(ProviderFactory.java:165)
	at org.apache.maven.surefire.booter.ProviderFactory.invokeProvider(ProviderFactory.java:85)
	at org.apache.maven.surefire.booter.ForkedBooter.runSuitesInProcess(ForkedBooter.java:115)
	at org.apache.maven.surefire.booter.ForkedBooter.main(ForkedBooter.java:75)
</error>
    <system-out>9825 [main] INFO  es.deusto.spq.ProyectoCinePlus.servidor.DAO.PeliculaDAO  -    * Storing an object: Pelicula [id_pelicula=1, nombre=Cadena perpetua, duracion=142, descripcion=vida de prisioneros, anyo=1994, categoria=Drama, precio=14.0, portada=14]
9840 [main] ERROR DataNucleus.MetaData  - access denied (&quot;java.lang.RuntimePermission&quot; &quot;accessDeclaredMembers&quot;)
java.security.AccessControlException: access denied (&quot;java.lang.RuntimePermission&quot; &quot;accessDeclaredMembers&quot;)
	at java.security.AccessControlContext.checkPermission(AccessControlContext.java:472)
	at java.security.AccessController.checkPermission(AccessController.java:884)
	at java.lang.SecurityManager.checkPermission(SecurityManager.java:549)
	at java.lang.Class.checkMemberAccess(Class.java:2348)
	at java.lang.Class.getDeclaredFields(Class.java:1915)
	at org.datanucleus.metadata.ClassMetaData.addMetaDataForMembersNotInMetaData(ClassMetaData.java:578)
	at org.datanucleus.metadata.ClassMetaData.populate(ClassMetaData.java:184)
	at org.datanucleus.metadata.MetaDataManagerImpl$1.run(MetaDataManagerImpl.java:2867)
	at java.security.AccessController.doPrivileged(Native Method)
	at org.datanucleus.metadata.MetaDataManagerImpl.populateAbstractClassMetaData(MetaDataManagerImpl.java:2861)
	at org.datanucleus.metadata.MetaDataManagerImpl.getMetaDataForClass(MetaDataManagerImpl.java:1653)
	at org.datanucleus.ExecutionContextImpl.hasPersistenceInformationForClass(ExecutionContextImpl.java:5550)
	at org.datanucleus.ExecutionContextImpl.assertClassPersistable(ExecutionContextImpl.java:5482)
	at org.datanucleus.ExecutionContextImpl.persistObjectInternal(ExecutionContextImpl.java:1925)
	at org.datanucleus.ExecutionContextImpl.persistObjectWork(ExecutionContextImpl.java:1868)
	at org.datanucleus.ExecutionContextImpl.persistObject(ExecutionContextImpl.java:1723)
	at org.datanucleus.api.jdo.JDOPersistenceManager.jdoMakePersistent(JDOPersistenceManager.java:712)
	at org.datanucleus.api.jdo.JDOPersistenceManager.makePersistent(JDOPersistenceManager.java:738)
	at es.deusto.spq.ProyectoCinePlus.servidor.DAO.PeliculaDAO.storeObject(PeliculaDAO.java:38)
	at es.deusto.spq.ProyectoCinePlus.servidor.DAO.PeliculaDAO.storePelicula(PeliculaDAO.java:27)
	at es.deusto.spq.ProyectoCinePlus.cliente.util.conectividad.CinePlusControllerTest.setUpclases(CinePlusControllerTest.java:183)
	at sun.reflect.NativeMethodAccessorImpl.invoke0(Native Method)
	at sun.reflect.NativeMethodAccessorImpl.invoke(NativeMethodAccessorImpl.java:62)
	at sun.reflect.DelegatingMethodAccessorImpl.invoke(DelegatingMethodAccessorImpl.java:43)
	at java.lang.reflect.Method.invoke(Method.java:498)
	at org.junit.runners.model.FrameworkMethod$1.runReflectiveCall(FrameworkMethod.java:50)
	at org.junit.internal.runners.model.ReflectiveCallable.run(ReflectiveCallable.java:12)
	at org.junit.runners.model.FrameworkMethod.invokeExplosively(FrameworkMethod.java:47)
	at org.junit.internal.runners.statements.RunBefores.evaluate(RunBefores.java:24)
	at org.junit.runners.ParentRunner.runLeaf(ParentRunner.java:325)
	at org.junit.runners.BlockJUnit4ClassRunner.runChild(BlockJUnit4ClassRunner.java:78)
	at org.junit.runners.BlockJUnit4ClassRunner.runChild(BlockJUnit4ClassRunner.java:57)
	at org.junit.runners.ParentRunner$3.run(ParentRunner.java:290)
	at org.junit.runners.ParentRunner$1.schedule(ParentRunner.java:71)
	at org.junit.runners.ParentRunner.runChildren(ParentRunner.java:288)
	at org.junit.runners.ParentRunner.access$000(ParentRunner.java:58)
	at org.junit.runners.ParentRunner$2.evaluate(ParentRunner.java:268)
	at org.junit.internal.runners.statements.RunBefores.evaluate(RunBefores.java:26)
	at org.junit.internal.runners.statements.RunAfters.evaluate(RunAfters.java:27)
	at org.junit.runners.ParentRunner.run(ParentRunner.java:363)
	at junit.framework.JUnit4TestAdapter.run(JUnit4TestAdapter.java:38)
	at org.junit.internal.runners.JUnit38ClassRunner.run(JUnit38ClassRunner.java:86)
	at org.apache.maven.surefire.junit4.JUnit4Provider.execute(JUnit4Provider.java:252)
	at org.apache.maven.surefire.junit4.JUnit4Provider.executeTestSet(JUnit4Provider.java:141)
	at org.apache.maven.surefire.junit4.JUnit4Provider.invoke(JUnit4Provider.java:112)
	at sun.reflect.NativeMethodAccessorImpl.invoke0(Native Method)
	at sun.reflect.NativeMethodAccessorImpl.invoke(NativeMethodAccessorImpl.java:62)
	at sun.reflect.DelegatingMethodAccessorImpl.invoke(DelegatingMethodAccessorImpl.java:43)
	at java.lang.reflect.Method.invoke(Method.java:498)
	at org.apache.maven.surefire.util.ReflectionUtils.invokeMethodWithArray(ReflectionUtils.java:189)
	at org.apache.maven.surefire.booter.ProviderFactory$ProviderProxy.invoke(ProviderFactory.java:165)
	at org.apache.maven.surefire.booter.ProviderFactory.invokeProvider(ProviderFactory.java:85)
	at org.apache.maven.surefire.booter.ForkedBooter.runSuitesInProcess(ForkedBooter.java:115)
	at org.apache.maven.surefire.booter.ForkedBooter.main(ForkedBooter.java:75)
9840 [main] INFO  es.deusto.spq.ProyectoCinePlus.servidor.DAO.PeliculaDAO  - La pelicula Cadena perpetua ya existe
9840 [main] INFO  es.deusto.spq.ProyectoCinePlus.cliente.util.conectividad.CinePlusControllerTest  - BeforeTest - Setting the client ready for calling TestServer name: //127.0.0.1:1099/CinePlusServer
9840 [main] ERROR es.deusto.spq.ProyectoCinePlus.cliente.util.conectividad.CinePlusControllerTest  -  # CinePlusServer RemoteException: access denied (&quot;java.net.SocketPermission&quot; &quot;127.0.0.1:1099&quot; &quot;connect,resolve&quot;)
</system-out>
  </testcase>
  <testcase classname="es.deusto.spq.ProyectoCinePlus.cliente.util.conectividad.CinePlusControllerTest" name="Test4_ObtenerAnyoTest" time="0.016">
    <error message="access denied (&quot;java.lang.RuntimePermission&quot; &quot;exitVM.-1&quot;)" type="java.security.AccessControlException">java.security.AccessControlException: access denied (&quot;java.lang.RuntimePermission&quot; &quot;exitVM.-1&quot;)
	at java.security.AccessControlContext.checkPermission(AccessControlContext.java:472)
	at java.security.AccessController.checkPermission(AccessController.java:884)
	at java.lang.SecurityManager.checkPermission(SecurityManager.java:549)
	at java.lang.SecurityManager.checkExit(SecurityManager.java:761)
	at java.lang.Runtime.exit(Runtime.java:107)
	at java.lang.System.exit(System.java:971)
	at es.deusto.spq.ProyectoCinePlus.cliente.util.conectividad.CinePlusControllerTest.setUpClient(CinePlusControllerTest.java:163)
	at sun.reflect.NativeMethodAccessorImpl.invoke0(Native Method)
	at sun.reflect.NativeMethodAccessorImpl.invoke(NativeMethodAccessorImpl.java:62)
	at sun.reflect.DelegatingMethodAccessorImpl.invoke(DelegatingMethodAccessorImpl.java:43)
	at java.lang.reflect.Method.invoke(Method.java:498)
	at org.junit.runners.model.FrameworkMethod$1.runReflectiveCall(FrameworkMethod.java:50)
	at org.junit.internal.runners.model.ReflectiveCallable.run(ReflectiveCallable.java:12)
	at org.junit.runners.model.FrameworkMethod.invokeExplosively(FrameworkMethod.java:47)
	at org.junit.internal.runners.statements.RunBefores.evaluate(RunBefores.java:24)
	at org.junit.runners.ParentRunner.runLeaf(ParentRunner.java:325)
	at org.junit.runners.BlockJUnit4ClassRunner.runChild(BlockJUnit4ClassRunner.java:78)
	at org.junit.runners.BlockJUnit4ClassRunner.runChild(BlockJUnit4ClassRunner.java:57)
	at org.junit.runners.ParentRunner$3.run(ParentRunner.java:290)
	at org.junit.runners.ParentRunner$1.schedule(ParentRunner.java:71)
	at org.junit.runners.ParentRunner.runChildren(ParentRunner.java:288)
	at org.junit.runners.ParentRunner.access$000(ParentRunner.java:58)
	at org.junit.runners.ParentRunner$2.evaluate(ParentRunner.java:268)
	at org.junit.internal.runners.statements.RunBefores.evaluate(RunBefores.java:26)
	at org.junit.internal.runners.statements.RunAfters.evaluate(RunAfters.java:27)
	at org.junit.runners.ParentRunner.run(ParentRunner.java:363)
	at junit.framework.JUnit4TestAdapter.run(JUnit4TestAdapter.java:38)
	at org.junit.internal.runners.JUnit38ClassRunner.run(JUnit38ClassRunner.java:86)
	at org.apache.maven.surefire.junit4.JUnit4Provider.execute(JUnit4Provider.java:252)
	at org.apache.maven.surefire.junit4.JUnit4Provider.executeTestSet(JUnit4Provider.java:141)
	at org.apache.maven.surefire.junit4.JUnit4Provider.invoke(JUnit4Provider.java:112)
	at sun.reflect.NativeMethodAccessorImpl.invoke0(Native Method)
	at sun.reflect.NativeMethodAccessorImpl.invoke(NativeMethodAccessorImpl.java:62)
	at sun.reflect.DelegatingMethodAccessorImpl.invoke(DelegatingMethodAccessorImpl.java:43)
	at java.lang.reflect.Method.invoke(Method.java:498)
	at org.apache.maven.surefire.util.ReflectionUtils.invokeMethodWithArray(ReflectionUtils.java:189)
	at org.apache.maven.surefire.booter.ProviderFactory$ProviderProxy.invoke(ProviderFactory.java:165)
	at org.apache.maven.surefire.booter.ProviderFactory.invokeProvider(ProviderFactory.java:85)
	at org.apache.maven.surefire.booter.ForkedBooter.runSuitesInProcess(ForkedBooter.java:115)
	at org.apache.maven.surefire.booter.ForkedBooter.main(ForkedBooter.java:75)
</error>
    <system-out>9840 [main] INFO  es.deusto.spq.ProyectoCinePlus.servidor.DAO.PeliculaDAO  -    * Storing an object: Pelicula [id_pelicula=1, nombre=Cadena perpetua, duracion=142, descripcion=vida de prisioneros, anyo=1994, categoria=Drama, precio=14.0, portada=14]
9840 [main] ERROR DataNucleus.MetaData  - access denied (&quot;java.lang.RuntimePermission&quot; &quot;accessDeclaredMembers&quot;)
java.security.AccessControlException: access denied (&quot;java.lang.RuntimePermission&quot; &quot;accessDeclaredMembers&quot;)
	at java.security.AccessControlContext.checkPermission(AccessControlContext.java:472)
	at java.security.AccessController.checkPermission(AccessController.java:884)
	at java.lang.SecurityManager.checkPermission(SecurityManager.java:549)
	at java.lang.Class.checkMemberAccess(Class.java:2348)
	at java.lang.Class.getDeclaredFields(Class.java:1915)
	at org.datanucleus.metadata.ClassMetaData.addMetaDataForMembersNotInMetaData(ClassMetaData.java:578)
	at org.datanucleus.metadata.ClassMetaData.populate(ClassMetaData.java:184)
	at org.datanucleus.metadata.MetaDataManagerImpl$1.run(MetaDataManagerImpl.java:2867)
	at java.security.AccessController.doPrivileged(Native Method)
	at org.datanucleus.metadata.MetaDataManagerImpl.populateAbstractClassMetaData(MetaDataManagerImpl.java:2861)
	at org.datanucleus.metadata.MetaDataManagerImpl.getMetaDataForClass(MetaDataManagerImpl.java:1653)
	at org.datanucleus.ExecutionContextImpl.hasPersistenceInformationForClass(ExecutionContextImpl.java:5550)
	at org.datanucleus.ExecutionContextImpl.assertClassPersistable(ExecutionContextImpl.java:5482)
	at org.datanucleus.ExecutionContextImpl.persistObjectInternal(ExecutionContextImpl.java:1925)
	at org.datanucleus.ExecutionContextImpl.persistObjectWork(ExecutionContextImpl.java:1868)
	at org.datanucleus.ExecutionContextImpl.persistObject(ExecutionContextImpl.java:1723)
	at org.datanucleus.api.jdo.JDOPersistenceManager.jdoMakePersistent(JDOPersistenceManager.java:712)
	at org.datanucleus.api.jdo.JDOPersistenceManager.makePersistent(JDOPersistenceManager.java:738)
	at es.deusto.spq.ProyectoCinePlus.servidor.DAO.PeliculaDAO.storeObject(PeliculaDAO.java:38)
	at es.deusto.spq.ProyectoCinePlus.servidor.DAO.PeliculaDAO.storePelicula(PeliculaDAO.java:27)
	at es.deusto.spq.ProyectoCinePlus.cliente.util.conectividad.CinePlusControllerTest.setUpclases(CinePlusControllerTest.java:183)
	at sun.reflect.NativeMethodAccessorImpl.invoke0(Native Method)
	at sun.reflect.NativeMethodAccessorImpl.invoke(NativeMethodAccessorImpl.java:62)
	at sun.reflect.DelegatingMethodAccessorImpl.invoke(DelegatingMethodAccessorImpl.java:43)
	at java.lang.reflect.Method.invoke(Method.java:498)
	at org.junit.runners.model.FrameworkMethod$1.runReflectiveCall(FrameworkMethod.java:50)
	at org.junit.internal.runners.model.ReflectiveCallable.run(ReflectiveCallable.java:12)
	at org.junit.runners.model.FrameworkMethod.invokeExplosively(FrameworkMethod.java:47)
	at org.junit.internal.runners.statements.RunBefores.evaluate(RunBefores.java:24)
	at org.junit.runners.ParentRunner.runLeaf(ParentRunner.java:325)
	at org.junit.runners.BlockJUnit4ClassRunner.runChild(BlockJUnit4ClassRunner.java:78)
	at org.junit.runners.BlockJUnit4ClassRunner.runChild(BlockJUnit4ClassRunner.java:57)
	at org.junit.runners.ParentRunner$3.run(ParentRunner.java:290)
	at org.junit.runners.ParentRunner$1.schedule(ParentRunner.java:71)
	at org.junit.runners.ParentRunner.runChildren(ParentRunner.java:288)
	at org.junit.runners.ParentRunner.access$000(ParentRunner.java:58)
	at org.junit.runners.ParentRunner$2.evaluate(ParentRunner.java:268)
	at org.junit.internal.runners.statements.RunBefores.evaluate(RunBefores.java:26)
	at org.junit.internal.runners.statements.RunAfters.evaluate(RunAfters.java:27)
	at org.junit.runners.ParentRunner.run(ParentRunner.java:363)
	at junit.framework.JUnit4TestAdapter.run(JUnit4TestAdapter.java:38)
	at org.junit.internal.runners.JUnit38ClassRunner.run(JUnit38ClassRunner.java:86)
	at org.apache.maven.surefire.junit4.JUnit4Provider.execute(JUnit4Provider.java:252)
	at org.apache.maven.surefire.junit4.JUnit4Provider.executeTestSet(JUnit4Provider.java:141)
	at org.apache.maven.surefire.junit4.JUnit4Provider.invoke(JUnit4Provider.java:112)
	at sun.reflect.NativeMethodAccessorImpl.invoke0(Native Method)
	at sun.reflect.NativeMethodAccessorImpl.invoke(NativeMethodAccessorImpl.java:62)
	at sun.reflect.DelegatingMethodAccessorImpl.invoke(DelegatingMethodAccessorImpl.java:43)
	at java.lang.reflect.Method.invoke(Method.java:498)
	at org.apache.maven.surefire.util.ReflectionUtils.invokeMethodWithArray(ReflectionUtils.java:189)
	at org.apache.maven.surefire.booter.ProviderFactory$ProviderProxy.invoke(ProviderFactory.java:165)
	at org.apache.maven.surefire.booter.ProviderFactory.invokeProvider(ProviderFactory.java:85)
	at org.apache.maven.surefire.booter.ForkedBooter.runSuitesInProcess(ForkedBooter.java:115)
	at org.apache.maven.surefire.booter.ForkedBooter.main(ForkedBooter.java:75)
9840 [main] INFO  es.deusto.spq.ProyectoCinePlus.servidor.DAO.PeliculaDAO  - La pelicula Cadena perpetua ya existe
9840 [main] INFO  es.deusto.spq.ProyectoCinePlus.cliente.util.conectividad.CinePlusControllerTest  - BeforeTest - Setting the client ready for calling TestServer name: //127.0.0.1:1099/CinePlusServer
9840 [main] ERROR es.deusto.spq.ProyectoCinePlus.cliente.util.conectividad.CinePlusControllerTest  -  # CinePlusServer RemoteException: access denied (&quot;java.net.SocketPermission&quot; &quot;127.0.0.1:1099&quot; &quot;connect,resolve&quot;)
</system-out>
  </testcase>
  <testcase classname="es.deusto.spq.ProyectoCinePlus.cliente.util.conectividad.CinePlusControllerTest" name="Test5_ObtenerGeneroTest" time="0">
    <error message="access denied (&quot;java.lang.RuntimePermission&quot; &quot;exitVM.-1&quot;)" type="java.security.AccessControlException">java.security.AccessControlException: access denied (&quot;java.lang.RuntimePermission&quot; &quot;exitVM.-1&quot;)
	at java.security.AccessControlContext.checkPermission(AccessControlContext.java:472)
	at java.security.AccessController.checkPermission(AccessController.java:884)
	at java.lang.SecurityManager.checkPermission(SecurityManager.java:549)
	at java.lang.SecurityManager.checkExit(SecurityManager.java:761)
	at java.lang.Runtime.exit(Runtime.java:107)
	at java.lang.System.exit(System.java:971)
	at es.deusto.spq.ProyectoCinePlus.cliente.util.conectividad.CinePlusControllerTest.setUpClient(CinePlusControllerTest.java:163)
	at sun.reflect.NativeMethodAccessorImpl.invoke0(Native Method)
	at sun.reflect.NativeMethodAccessorImpl.invoke(NativeMethodAccessorImpl.java:62)
	at sun.reflect.DelegatingMethodAccessorImpl.invoke(DelegatingMethodAccessorImpl.java:43)
	at java.lang.reflect.Method.invoke(Method.java:498)
	at org.junit.runners.model.FrameworkMethod$1.runReflectiveCall(FrameworkMethod.java:50)
	at org.junit.internal.runners.model.ReflectiveCallable.run(ReflectiveCallable.java:12)
	at org.junit.runners.model.FrameworkMethod.invokeExplosively(FrameworkMethod.java:47)
	at org.junit.internal.runners.statements.RunBefores.evaluate(RunBefores.java:24)
	at org.junit.runners.ParentRunner.runLeaf(ParentRunner.java:325)
	at org.junit.runners.BlockJUnit4ClassRunner.runChild(BlockJUnit4ClassRunner.java:78)
	at org.junit.runners.BlockJUnit4ClassRunner.runChild(BlockJUnit4ClassRunner.java:57)
	at org.junit.runners.ParentRunner$3.run(ParentRunner.java:290)
	at org.junit.runners.ParentRunner$1.schedule(ParentRunner.java:71)
	at org.junit.runners.ParentRunner.runChildren(ParentRunner.java:288)
	at org.junit.runners.ParentRunner.access$000(ParentRunner.java:58)
	at org.junit.runners.ParentRunner$2.evaluate(ParentRunner.java:268)
	at org.junit.internal.runners.statements.RunBefores.evaluate(RunBefores.java:26)
	at org.junit.internal.runners.statements.RunAfters.evaluate(RunAfters.java:27)
	at org.junit.runners.ParentRunner.run(ParentRunner.java:363)
	at junit.framework.JUnit4TestAdapter.run(JUnit4TestAdapter.java:38)
	at org.junit.internal.runners.JUnit38ClassRunner.run(JUnit38ClassRunner.java:86)
	at org.apache.maven.surefire.junit4.JUnit4Provider.execute(JUnit4Provider.java:252)
	at org.apache.maven.surefire.junit4.JUnit4Provider.executeTestSet(JUnit4Provider.java:141)
	at org.apache.maven.surefire.junit4.JUnit4Provider.invoke(JUnit4Provider.java:112)
	at sun.reflect.NativeMethodAccessorImpl.invoke0(Native Method)
	at sun.reflect.NativeMethodAccessorImpl.invoke(NativeMethodAccessorImpl.java:62)
	at sun.reflect.DelegatingMethodAccessorImpl.invoke(DelegatingMethodAccessorImpl.java:43)
	at java.lang.reflect.Method.invoke(Method.java:498)
	at org.apache.maven.surefire.util.ReflectionUtils.invokeMethodWithArray(ReflectionUtils.java:189)
	at org.apache.maven.surefire.booter.ProviderFactory$ProviderProxy.invoke(ProviderFactory.java:165)
	at org.apache.maven.surefire.booter.ProviderFactory.invokeProvider(ProviderFactory.java:85)
	at org.apache.maven.surefire.booter.ForkedBooter.runSuitesInProcess(ForkedBooter.java:115)
	at org.apache.maven.surefire.booter.ForkedBooter.main(ForkedBooter.java:75)
</error>
    <system-out>9840 [main] INFO  es.deusto.spq.ProyectoCinePlus.servidor.DAO.PeliculaDAO  -    * Storing an object: Pelicula [id_pelicula=1, nombre=Cadena perpetua, duracion=142, descripcion=vida de prisioneros, anyo=1994, categoria=Drama, precio=14.0, portada=14]
9856 [main] ERROR DataNucleus.MetaData  - access denied (&quot;java.lang.RuntimePermission&quot; &quot;accessDeclaredMembers&quot;)
java.security.AccessControlException: access denied (&quot;java.lang.RuntimePermission&quot; &quot;accessDeclaredMembers&quot;)
	at java.security.AccessControlContext.checkPermission(AccessControlContext.java:472)
	at java.security.AccessController.checkPermission(AccessController.java:884)
	at java.lang.SecurityManager.checkPermission(SecurityManager.java:549)
	at java.lang.Class.checkMemberAccess(Class.java:2348)
	at java.lang.Class.getDeclaredFields(Class.java:1915)
	at org.datanucleus.metadata.ClassMetaData.addMetaDataForMembersNotInMetaData(ClassMetaData.java:578)
	at org.datanucleus.metadata.ClassMetaData.populate(ClassMetaData.java:184)
	at org.datanucleus.metadata.MetaDataManagerImpl$1.run(MetaDataManagerImpl.java:2867)
	at java.security.AccessController.doPrivileged(Native Method)
	at org.datanucleus.metadata.MetaDataManagerImpl.populateAbstractClassMetaData(MetaDataManagerImpl.java:2861)
	at org.datanucleus.metadata.MetaDataManagerImpl.getMetaDataForClass(MetaDataManagerImpl.java:1653)
	at org.datanucleus.ExecutionContextImpl.hasPersistenceInformationForClass(ExecutionContextImpl.java:5550)
	at org.datanucleus.ExecutionContextImpl.assertClassPersistable(ExecutionContextImpl.java:5482)
	at org.datanucleus.ExecutionContextImpl.persistObjectInternal(ExecutionContextImpl.java:1925)
	at org.datanucleus.ExecutionContextImpl.persistObjectWork(ExecutionContextImpl.java:1868)
	at org.datanucleus.ExecutionContextImpl.persistObject(ExecutionContextImpl.java:1723)
	at org.datanucleus.api.jdo.JDOPersistenceManager.jdoMakePersistent(JDOPersistenceManager.java:712)
	at org.datanucleus.api.jdo.JDOPersistenceManager.makePersistent(JDOPersistenceManager.java:738)
	at es.deusto.spq.ProyectoCinePlus.servidor.DAO.PeliculaDAO.storeObject(PeliculaDAO.java:38)
	at es.deusto.spq.ProyectoCinePlus.servidor.DAO.PeliculaDAO.storePelicula(PeliculaDAO.java:27)
	at es.deusto.spq.ProyectoCinePlus.cliente.util.conectividad.CinePlusControllerTest.setUpclases(CinePlusControllerTest.java:183)
	at sun.reflect.NativeMethodAccessorImpl.invoke0(Native Method)
	at sun.reflect.NativeMethodAccessorImpl.invoke(NativeMethodAccessorImpl.java:62)
	at sun.reflect.DelegatingMethodAccessorImpl.invoke(DelegatingMethodAccessorImpl.java:43)
	at java.lang.reflect.Method.invoke(Method.java:498)
	at org.junit.runners.model.FrameworkMethod$1.runReflectiveCall(FrameworkMethod.java:50)
	at org.junit.internal.runners.model.ReflectiveCallable.run(ReflectiveCallable.java:12)
	at org.junit.runners.model.FrameworkMethod.invokeExplosively(FrameworkMethod.java:47)
	at org.junit.internal.runners.statements.RunBefores.evaluate(RunBefores.java:24)
	at org.junit.runners.ParentRunner.runLeaf(ParentRunner.java:325)
	at org.junit.runners.BlockJUnit4ClassRunner.runChild(BlockJUnit4ClassRunner.java:78)
	at org.junit.runners.BlockJUnit4ClassRunner.runChild(BlockJUnit4ClassRunner.java:57)
	at org.junit.runners.ParentRunner$3.run(ParentRunner.java:290)
	at org.junit.runners.ParentRunner$1.schedule(ParentRunner.java:71)
	at org.junit.runners.ParentRunner.runChildren(ParentRunner.java:288)
	at org.junit.runners.ParentRunner.access$000(ParentRunner.java:58)
	at org.junit.runners.ParentRunner$2.evaluate(ParentRunner.java:268)
	at org.junit.internal.runners.statements.RunBefores.evaluate(RunBefores.java:26)
	at org.junit.internal.runners.statements.RunAfters.evaluate(RunAfters.java:27)
	at org.junit.runners.ParentRunner.run(ParentRunner.java:363)
	at junit.framework.JUnit4TestAdapter.run(JUnit4TestAdapter.java:38)
	at org.junit.internal.runners.JUnit38ClassRunner.run(JUnit38ClassRunner.java:86)
	at org.apache.maven.surefire.junit4.JUnit4Provider.execute(JUnit4Provider.java:252)
	at org.apache.maven.surefire.junit4.JUnit4Provider.executeTestSet(JUnit4Provider.java:141)
	at org.apache.maven.surefire.junit4.JUnit4Provider.invoke(JUnit4Provider.java:112)
	at sun.reflect.NativeMethodAccessorImpl.invoke0(Native Method)
	at sun.reflect.NativeMethodAccessorImpl.invoke(NativeMethodAccessorImpl.java:62)
	at sun.reflect.DelegatingMethodAccessorImpl.invoke(DelegatingMethodAccessorImpl.java:43)
	at java.lang.reflect.Method.invoke(Method.java:498)
	at org.apache.maven.surefire.util.ReflectionUtils.invokeMethodWithArray(ReflectionUtils.java:189)
	at org.apache.maven.surefire.booter.ProviderFactory$ProviderProxy.invoke(ProviderFactory.java:165)
	at org.apache.maven.surefire.booter.ProviderFactory.invokeProvider(ProviderFactory.java:85)
	at org.apache.maven.surefire.booter.ForkedBooter.runSuitesInProcess(ForkedBooter.java:115)
	at org.apache.maven.surefire.booter.ForkedBooter.main(ForkedBooter.java:75)
9856 [main] INFO  es.deusto.spq.ProyectoCinePlus.servidor.DAO.PeliculaDAO  - La pelicula Cadena perpetua ya existe
9856 [main] INFO  es.deusto.spq.ProyectoCinePlus.cliente.util.conectividad.CinePlusControllerTest  - BeforeTest - Setting the client ready for calling TestServer name: //127.0.0.1:1099/CinePlusServer
9856 [main] ERROR es.deusto.spq.ProyectoCinePlus.cliente.util.conectividad.CinePlusControllerTest  -  # CinePlusServer RemoteException: access denied (&quot;java.net.SocketPermission&quot; &quot;127.0.0.1:1099&quot; &quot;connect,resolve&quot;)
</system-out>
  </testcase>
  <testcase classname="es.deusto.spq.ProyectoCinePlus.cliente.util.conectividad.CinePlusControllerTest" name="Test6_BusquedaTest" time="0">
    <error message="access denied (&quot;java.lang.RuntimePermission&quot; &quot;exitVM.-1&quot;)" type="java.security.AccessControlException">java.security.AccessControlException: access denied (&quot;java.lang.RuntimePermission&quot; &quot;exitVM.-1&quot;)
	at java.security.AccessControlContext.checkPermission(AccessControlContext.java:472)
	at java.security.AccessController.checkPermission(AccessController.java:884)
	at java.lang.SecurityManager.checkPermission(SecurityManager.java:549)
	at java.lang.SecurityManager.checkExit(SecurityManager.java:761)
	at java.lang.Runtime.exit(Runtime.java:107)
	at java.lang.System.exit(System.java:971)
	at es.deusto.spq.ProyectoCinePlus.cliente.util.conectividad.CinePlusControllerTest.setUpClient(CinePlusControllerTest.java:163)
	at sun.reflect.NativeMethodAccessorImpl.invoke0(Native Method)
	at sun.reflect.NativeMethodAccessorImpl.invoke(NativeMethodAccessorImpl.java:62)
	at sun.reflect.DelegatingMethodAccessorImpl.invoke(DelegatingMethodAccessorImpl.java:43)
	at java.lang.reflect.Method.invoke(Method.java:498)
	at org.junit.runners.model.FrameworkMethod$1.runReflectiveCall(FrameworkMethod.java:50)
	at org.junit.internal.runners.model.ReflectiveCallable.run(ReflectiveCallable.java:12)
	at org.junit.runners.model.FrameworkMethod.invokeExplosively(FrameworkMethod.java:47)
	at org.junit.internal.runners.statements.RunBefores.evaluate(RunBefores.java:24)
	at org.junit.runners.ParentRunner.runLeaf(ParentRunner.java:325)
	at org.junit.runners.BlockJUnit4ClassRunner.runChild(BlockJUnit4ClassRunner.java:78)
	at org.junit.runners.BlockJUnit4ClassRunner.runChild(BlockJUnit4ClassRunner.java:57)
	at org.junit.runners.ParentRunner$3.run(ParentRunner.java:290)
	at org.junit.runners.ParentRunner$1.schedule(ParentRunner.java:71)
	at org.junit.runners.ParentRunner.runChildren(ParentRunner.java:288)
	at org.junit.runners.ParentRunner.access$000(ParentRunner.java:58)
	at org.junit.runners.ParentRunner$2.evaluate(ParentRunner.java:268)
	at org.junit.internal.runners.statements.RunBefores.evaluate(RunBefores.java:26)
	at org.junit.internal.runners.statements.RunAfters.evaluate(RunAfters.java:27)
	at org.junit.runners.ParentRunner.run(ParentRunner.java:363)
	at junit.framework.JUnit4TestAdapter.run(JUnit4TestAdapter.java:38)
	at org.junit.internal.runners.JUnit38ClassRunner.run(JUnit38ClassRunner.java:86)
	at org.apache.maven.surefire.junit4.JUnit4Provider.execute(JUnit4Provider.java:252)
	at org.apache.maven.surefire.junit4.JUnit4Provider.executeTestSet(JUnit4Provider.java:141)
	at org.apache.maven.surefire.junit4.JUnit4Provider.invoke(JUnit4Provider.java:112)
	at sun.reflect.NativeMethodAccessorImpl.invoke0(Native Method)
	at sun.reflect.NativeMethodAccessorImpl.invoke(NativeMethodAccessorImpl.java:62)
	at sun.reflect.DelegatingMethodAccessorImpl.invoke(DelegatingMethodAccessorImpl.java:43)
	at java.lang.reflect.Method.invoke(Method.java:498)
	at org.apache.maven.surefire.util.ReflectionUtils.invokeMethodWithArray(ReflectionUtils.java:189)
	at org.apache.maven.surefire.booter.ProviderFactory$ProviderProxy.invoke(ProviderFactory.java:165)
	at org.apache.maven.surefire.booter.ProviderFactory.invokeProvider(ProviderFactory.java:85)
	at org.apache.maven.surefire.booter.ForkedBooter.runSuitesInProcess(ForkedBooter.java:115)
	at org.apache.maven.surefire.booter.ForkedBooter.main(ForkedBooter.java:75)
</error>
    <system-out>9856 [main] INFO  es.deusto.spq.ProyectoCinePlus.servidor.DAO.PeliculaDAO  -    * Storing an object: Pelicula [id_pelicula=1, nombre=Cadena perpetua, duracion=142, descripcion=vida de prisioneros, anyo=1994, categoria=Drama, precio=14.0, portada=14]
9856 [main] ERROR DataNucleus.MetaData  - access denied (&quot;java.lang.RuntimePermission&quot; &quot;accessDeclaredMembers&quot;)
java.security.AccessControlException: access denied (&quot;java.lang.RuntimePermission&quot; &quot;accessDeclaredMembers&quot;)
	at java.security.AccessControlContext.checkPermission(AccessControlContext.java:472)
	at java.security.AccessController.checkPermission(AccessController.java:884)
	at java.lang.SecurityManager.checkPermission(SecurityManager.java:549)
	at java.lang.Class.checkMemberAccess(Class.java:2348)
	at java.lang.Class.getDeclaredFields(Class.java:1915)
	at org.datanucleus.metadata.ClassMetaData.addMetaDataForMembersNotInMetaData(ClassMetaData.java:578)
	at org.datanucleus.metadata.ClassMetaData.populate(ClassMetaData.java:184)
	at org.datanucleus.metadata.MetaDataManagerImpl$1.run(MetaDataManagerImpl.java:2867)
	at java.security.AccessController.doPrivileged(Native Method)
	at org.datanucleus.metadata.MetaDataManagerImpl.populateAbstractClassMetaData(MetaDataManagerImpl.java:2861)
	at org.datanucleus.metadata.MetaDataManagerImpl.getMetaDataForClass(MetaDataManagerImpl.java:1653)
	at org.datanucleus.ExecutionContextImpl.hasPersistenceInformationForClass(ExecutionContextImpl.java:5550)
	at org.datanucleus.ExecutionContextImpl.assertClassPersistable(ExecutionContextImpl.java:5482)
	at org.datanucleus.ExecutionContextImpl.persistObjectInternal(ExecutionContextImpl.java:1925)
	at org.datanucleus.ExecutionContextImpl.persistObjectWork(ExecutionContextImpl.java:1868)
	at org.datanucleus.ExecutionContextImpl.persistObject(ExecutionContextImpl.java:1723)
	at org.datanucleus.api.jdo.JDOPersistenceManager.jdoMakePersistent(JDOPersistenceManager.java:712)
	at org.datanucleus.api.jdo.JDOPersistenceManager.makePersistent(JDOPersistenceManager.java:738)
	at es.deusto.spq.ProyectoCinePlus.servidor.DAO.PeliculaDAO.storeObject(PeliculaDAO.java:38)
	at es.deusto.spq.ProyectoCinePlus.servidor.DAO.PeliculaDAO.storePelicula(PeliculaDAO.java:27)
	at es.deusto.spq.ProyectoCinePlus.cliente.util.conectividad.CinePlusControllerTest.setUpclases(CinePlusControllerTest.java:183)
	at sun.reflect.NativeMethodAccessorImpl.invoke0(Native Method)
	at sun.reflect.NativeMethodAccessorImpl.invoke(NativeMethodAccessorImpl.java:62)
	at sun.reflect.DelegatingMethodAccessorImpl.invoke(DelegatingMethodAccessorImpl.java:43)
	at java.lang.reflect.Method.invoke(Method.java:498)
	at org.junit.runners.model.FrameworkMethod$1.runReflectiveCall(FrameworkMethod.java:50)
	at org.junit.internal.runners.model.ReflectiveCallable.run(ReflectiveCallable.java:12)
	at org.junit.runners.model.FrameworkMethod.invokeExplosively(FrameworkMethod.java:47)
	at org.junit.internal.runners.statements.RunBefores.evaluate(RunBefores.java:24)
	at org.junit.runners.ParentRunner.runLeaf(ParentRunner.java:325)
	at org.junit.runners.BlockJUnit4ClassRunner.runChild(BlockJUnit4ClassRunner.java:78)
	at org.junit.runners.BlockJUnit4ClassRunner.runChild(BlockJUnit4ClassRunner.java:57)
	at org.junit.runners.ParentRunner$3.run(ParentRunner.java:290)
	at org.junit.runners.ParentRunner$1.schedule(ParentRunner.java:71)
	at org.junit.runners.ParentRunner.runChildren(ParentRunner.java:288)
	at org.junit.runners.ParentRunner.access$000(ParentRunner.java:58)
	at org.junit.runners.ParentRunner$2.evaluate(ParentRunner.java:268)
	at org.junit.internal.runners.statements.RunBefores.evaluate(RunBefores.java:26)
	at org.junit.internal.runners.statements.RunAfters.evaluate(RunAfters.java:27)
	at org.junit.runners.ParentRunner.run(ParentRunner.java:363)
	at junit.framework.JUnit4TestAdapter.run(JUnit4TestAdapter.java:38)
	at org.junit.internal.runners.JUnit38ClassRunner.run(JUnit38ClassRunner.java:86)
	at org.apache.maven.surefire.junit4.JUnit4Provider.execute(JUnit4Provider.java:252)
	at org.apache.maven.surefire.junit4.JUnit4Provider.executeTestSet(JUnit4Provider.java:141)
	at org.apache.maven.surefire.junit4.JUnit4Provider.invoke(JUnit4Provider.java:112)
	at sun.reflect.NativeMethodAccessorImpl.invoke0(Native Method)
	at sun.reflect.NativeMethodAccessorImpl.invoke(NativeMethodAccessorImpl.java:62)
	at sun.reflect.DelegatingMethodAccessorImpl.invoke(DelegatingMethodAccessorImpl.java:43)
	at java.lang.reflect.Method.invoke(Method.java:498)
	at org.apache.maven.surefire.util.ReflectionUtils.invokeMethodWithArray(ReflectionUtils.java:189)
	at org.apache.maven.surefire.booter.ProviderFactory$ProviderProxy.invoke(ProviderFactory.java:165)
	at org.apache.maven.surefire.booter.ProviderFactory.invokeProvider(ProviderFactory.java:85)
	at org.apache.maven.surefire.booter.ForkedBooter.runSuitesInProcess(ForkedBooter.java:115)
	at org.apache.maven.surefire.booter.ForkedBooter.main(ForkedBooter.java:75)
9856 [main] INFO  es.deusto.spq.ProyectoCinePlus.servidor.DAO.PeliculaDAO  - La pelicula Cadena perpetua ya existe
9856 [main] INFO  es.deusto.spq.ProyectoCinePlus.cliente.util.conectividad.CinePlusControllerTest  - BeforeTest - Setting the client ready for calling TestServer name: //127.0.0.1:1099/CinePlusServer
9856 [main] ERROR es.deusto.spq.ProyectoCinePlus.cliente.util.conectividad.CinePlusControllerTest  -  # CinePlusServer RemoteException: access denied (&quot;java.net.SocketPermission&quot; &quot;127.0.0.1:1099&quot; &quot;connect,resolve&quot;)
</system-out>
  </testcase>
  <testcase classname="es.deusto.spq.ProyectoCinePlus.cliente.util.conectividad.CinePlusControllerTest" name="Test8_eliminarUsuarioTest" time="0.016">
    <error message="access denied (&quot;java.lang.RuntimePermission&quot; &quot;exitVM.-1&quot;)" type="java.security.AccessControlException">java.security.AccessControlException: access denied (&quot;java.lang.RuntimePermission&quot; &quot;exitVM.-1&quot;)
	at java.security.AccessControlContext.checkPermission(AccessControlContext.java:472)
	at java.security.AccessController.checkPermission(AccessController.java:884)
	at java.lang.SecurityManager.checkPermission(SecurityManager.java:549)
	at java.lang.SecurityManager.checkExit(SecurityManager.java:761)
	at java.lang.Runtime.exit(Runtime.java:107)
	at java.lang.System.exit(System.java:971)
	at es.deusto.spq.ProyectoCinePlus.cliente.util.conectividad.CinePlusControllerTest.setUpClient(CinePlusControllerTest.java:163)
	at sun.reflect.NativeMethodAccessorImpl.invoke0(Native Method)
	at sun.reflect.NativeMethodAccessorImpl.invoke(NativeMethodAccessorImpl.java:62)
	at sun.reflect.DelegatingMethodAccessorImpl.invoke(DelegatingMethodAccessorImpl.java:43)
	at java.lang.reflect.Method.invoke(Method.java:498)
	at org.junit.runners.model.FrameworkMethod$1.runReflectiveCall(FrameworkMethod.java:50)
	at org.junit.internal.runners.model.ReflectiveCallable.run(ReflectiveCallable.java:12)
	at org.junit.runners.model.FrameworkMethod.invokeExplosively(FrameworkMethod.java:47)
	at org.junit.internal.runners.statements.RunBefores.evaluate(RunBefores.java:24)
	at org.junit.runners.ParentRunner.runLeaf(ParentRunner.java:325)
	at org.junit.runners.BlockJUnit4ClassRunner.runChild(BlockJUnit4ClassRunner.java:78)
	at org.junit.runners.BlockJUnit4ClassRunner.runChild(BlockJUnit4ClassRunner.java:57)
	at org.junit.runners.ParentRunner$3.run(ParentRunner.java:290)
	at org.junit.runners.ParentRunner$1.schedule(ParentRunner.java:71)
	at org.junit.runners.ParentRunner.runChildren(ParentRunner.java:288)
	at org.junit.runners.ParentRunner.access$000(ParentRunner.java:58)
	at org.junit.runners.ParentRunner$2.evaluate(ParentRunner.java:268)
	at org.junit.internal.runners.statements.RunBefores.evaluate(RunBefores.java:26)
	at org.junit.internal.runners.statements.RunAfters.evaluate(RunAfters.java:27)
	at org.junit.runners.ParentRunner.run(ParentRunner.java:363)
	at junit.framework.JUnit4TestAdapter.run(JUnit4TestAdapter.java:38)
	at org.junit.internal.runners.JUnit38ClassRunner.run(JUnit38ClassRunner.java:86)
	at org.apache.maven.surefire.junit4.JUnit4Provider.execute(JUnit4Provider.java:252)
	at org.apache.maven.surefire.junit4.JUnit4Provider.executeTestSet(JUnit4Provider.java:141)
	at org.apache.maven.surefire.junit4.JUnit4Provider.invoke(JUnit4Provider.java:112)
	at sun.reflect.NativeMethodAccessorImpl.invoke0(Native Method)
	at sun.reflect.NativeMethodAccessorImpl.invoke(NativeMethodAccessorImpl.java:62)
	at sun.reflect.DelegatingMethodAccessorImpl.invoke(DelegatingMethodAccessorImpl.java:43)
	at java.lang.reflect.Method.invoke(Method.java:498)
	at org.apache.maven.surefire.util.ReflectionUtils.invokeMethodWithArray(ReflectionUtils.java:189)
	at org.apache.maven.surefire.booter.ProviderFactory$ProviderProxy.invoke(ProviderFactory.java:165)
	at org.apache.maven.surefire.booter.ProviderFactory.invokeProvider(ProviderFactory.java:85)
	at org.apache.maven.surefire.booter.ForkedBooter.runSuitesInProcess(ForkedBooter.java:115)
	at org.apache.maven.surefire.booter.ForkedBooter.main(ForkedBooter.java:75)
</error>
    <system-out>9856 [main] INFO  es.deusto.spq.ProyectoCinePlus.servidor.DAO.PeliculaDAO  -    * Storing an object: Pelicula [id_pelicula=1, nombre=Cadena perpetua, duracion=142, descripcion=vida de prisioneros, anyo=1994, categoria=Drama, precio=14.0, portada=14]
9872 [main] ERROR DataNucleus.MetaData  - access denied (&quot;java.lang.RuntimePermission&quot; &quot;accessDeclaredMembers&quot;)
java.security.AccessControlException: access denied (&quot;java.lang.RuntimePermission&quot; &quot;accessDeclaredMembers&quot;)
	at java.security.AccessControlContext.checkPermission(AccessControlContext.java:472)
	at java.security.AccessController.checkPermission(AccessController.java:884)
	at java.lang.SecurityManager.checkPermission(SecurityManager.java:549)
	at java.lang.Class.checkMemberAccess(Class.java:2348)
	at java.lang.Class.getDeclaredFields(Class.java:1915)
	at org.datanucleus.metadata.ClassMetaData.addMetaDataForMembersNotInMetaData(ClassMetaData.java:578)
	at org.datanucleus.metadata.ClassMetaData.populate(ClassMetaData.java:184)
	at org.datanucleus.metadata.MetaDataManagerImpl$1.run(MetaDataManagerImpl.java:2867)
	at java.security.AccessController.doPrivileged(Native Method)
	at org.datanucleus.metadata.MetaDataManagerImpl.populateAbstractClassMetaData(MetaDataManagerImpl.java:2861)
	at org.datanucleus.metadata.MetaDataManagerImpl.getMetaDataForClass(MetaDataManagerImpl.java:1653)
	at org.datanucleus.ExecutionContextImpl.hasPersistenceInformationForClass(ExecutionContextImpl.java:5550)
	at org.datanucleus.ExecutionContextImpl.assertClassPersistable(ExecutionContextImpl.java:5482)
	at org.datanucleus.ExecutionContextImpl.persistObjectInternal(ExecutionContextImpl.java:1925)
	at org.datanucleus.ExecutionContextImpl.persistObjectWork(ExecutionContextImpl.java:1868)
	at org.datanucleus.ExecutionContextImpl.persistObject(ExecutionContextImpl.java:1723)
	at org.datanucleus.api.jdo.JDOPersistenceManager.jdoMakePersistent(JDOPersistenceManager.java:712)
	at org.datanucleus.api.jdo.JDOPersistenceManager.makePersistent(JDOPersistenceManager.java:738)
	at es.deusto.spq.ProyectoCinePlus.servidor.DAO.PeliculaDAO.storeObject(PeliculaDAO.java:38)
	at es.deusto.spq.ProyectoCinePlus.servidor.DAO.PeliculaDAO.storePelicula(PeliculaDAO.java:27)
	at es.deusto.spq.ProyectoCinePlus.cliente.util.conectividad.CinePlusControllerTest.setUpclases(CinePlusControllerTest.java:183)
	at sun.reflect.NativeMethodAccessorImpl.invoke0(Native Method)
	at sun.reflect.NativeMethodAccessorImpl.invoke(NativeMethodAccessorImpl.java:62)
	at sun.reflect.DelegatingMethodAccessorImpl.invoke(DelegatingMethodAccessorImpl.java:43)
	at java.lang.reflect.Method.invoke(Method.java:498)
	at org.junit.runners.model.FrameworkMethod$1.runReflectiveCall(FrameworkMethod.java:50)
	at org.junit.internal.runners.model.ReflectiveCallable.run(ReflectiveCallable.java:12)
	at org.junit.runners.model.FrameworkMethod.invokeExplosively(FrameworkMethod.java:47)
	at org.junit.internal.runners.statements.RunBefores.evaluate(RunBefores.java:24)
	at org.junit.runners.ParentRunner.runLeaf(ParentRunner.java:325)
	at org.junit.runners.BlockJUnit4ClassRunner.runChild(BlockJUnit4ClassRunner.java:78)
	at org.junit.runners.BlockJUnit4ClassRunner.runChild(BlockJUnit4ClassRunner.java:57)
	at org.junit.runners.ParentRunner$3.run(ParentRunner.java:290)
	at org.junit.runners.ParentRunner$1.schedule(ParentRunner.java:71)
	at org.junit.runners.ParentRunner.runChildren(ParentRunner.java:288)
	at org.junit.runners.ParentRunner.access$000(ParentRunner.java:58)
	at org.junit.runners.ParentRunner$2.evaluate(ParentRunner.java:268)
	at org.junit.internal.runners.statements.RunBefores.evaluate(RunBefores.java:26)
	at org.junit.internal.runners.statements.RunAfters.evaluate(RunAfters.java:27)
	at org.junit.runners.ParentRunner.run(ParentRunner.java:363)
	at junit.framework.JUnit4TestAdapter.run(JUnit4TestAdapter.java:38)
	at org.junit.internal.runners.JUnit38ClassRunner.run(JUnit38ClassRunner.java:86)
	at org.apache.maven.surefire.junit4.JUnit4Provider.execute(JUnit4Provider.java:252)
	at org.apache.maven.surefire.junit4.JUnit4Provider.executeTestSet(JUnit4Provider.java:141)
	at org.apache.maven.surefire.junit4.JUnit4Provider.invoke(JUnit4Provider.java:112)
	at sun.reflect.NativeMethodAccessorImpl.invoke0(Native Method)
	at sun.reflect.NativeMethodAccessorImpl.invoke(NativeMethodAccessorImpl.java:62)
	at sun.reflect.DelegatingMethodAccessorImpl.invoke(DelegatingMethodAccessorImpl.java:43)
	at java.lang.reflect.Method.invoke(Method.java:498)
	at org.apache.maven.surefire.util.ReflectionUtils.invokeMethodWithArray(ReflectionUtils.java:189)
	at org.apache.maven.surefire.booter.ProviderFactory$ProviderProxy.invoke(ProviderFactory.java:165)
	at org.apache.maven.surefire.booter.ProviderFactory.invokeProvider(ProviderFactory.java:85)
	at org.apache.maven.surefire.booter.ForkedBooter.runSuitesInProcess(ForkedBooter.java:115)
	at org.apache.maven.surefire.booter.ForkedBooter.main(ForkedBooter.java:75)
9872 [main] INFO  es.deusto.spq.ProyectoCinePlus.servidor.DAO.PeliculaDAO  - La pelicula Cadena perpetua ya existe
9872 [main] INFO  es.deusto.spq.ProyectoCinePlus.cliente.util.conectividad.CinePlusControllerTest  - BeforeTest - Setting the client ready for calling TestServer name: //127.0.0.1:1099/CinePlusServer
9872 [main] ERROR es.deusto.spq.ProyectoCinePlus.cliente.util.conectividad.CinePlusControllerTest  -  # CinePlusServer RemoteException: access denied (&quot;java.net.SocketPermission&quot; &quot;127.0.0.1:1099&quot; &quot;connect,resolve&quot;)
</system-out>
  </testcase>
</testsuite>